<?xml version="1.0" encoding="UTF-8"?>
<robot generator="Robot 6.1 (Python 3.11.3 on win32)" generated="20230714 15:59:53.473" rpa="false" schemaversion="4">
<suite id="s1" name="Use Case#1 Existing Evident Design Customer - Copy" source="c:\Users\Nimbyx\Documents\Robot - framework\Evident Automation\evident design test automation\use case#1 existing evident design customer - copy.robot">
<test id="s1-t1" name="Test scenario #1 Lab Submit Single Case" line="39">
<kw name="Go to evident staging" library="Globalkeywords">
<kw name="Open Browser" library="Selenium2Library">
<arg>${Url}</arg>
<arg>${browser}</arg>
<doc>Opens a new browser instance to the optional ``url``.</doc>
<msg timestamp="20230714 15:59:54.813" level="INFO">Opening browser 'edge' to base url 'https://stagingevidentdigital.xyz/'.</msg>
<msg timestamp="20230714 15:59:54.831" level="INFO">Applicable driver not found; attempting to install with Selenium Manager (Beta)</msg>
<status status="PASS" starttime="20230714 15:59:54.807" endtime="20230714 16:00:00.958"/>
</kw>
<kw name="Set Browser Implicit Wait" library="Selenium2Library">
<arg>20s</arg>
<doc>Sets the implicit wait value used by Selenium.</doc>
<status status="PASS" starttime="20230714 16:00:00.961" endtime="20230714 16:00:00.972"/>
</kw>
<kw name="Maximize Browser Window" library="Selenium2Library">
<doc>Maximizes current browser window.</doc>
<status status="PASS" starttime="20230714 16:00:00.974" endtime="20230714 16:00:01.113"/>
</kw>
<status status="PASS" starttime="20230714 15:59:54.804" endtime="20230714 16:00:01.115"/>
</kw>
<kw name="Login lab account" library="Globalkeywords">
<kw name="Click Element" library="Selenium2Library">
<arg>xpath=/html/body/div[1]/div[1]/div/div[2]/div[3]/div/div/a</arg>
<doc>Click the element identified by ``locator``.</doc>
<msg timestamp="20230714 16:00:01.125" level="INFO">Clicking element 'xpath=/html/body/div[1]/div[1]/div/div[2]/div[3]/div/div/a'.</msg>
<status status="PASS" starttime="20230714 16:00:01.121" endtime="20230714 16:00:03.129"/>
</kw>
<kw name="Input Text" library="Selenium2Library">
<arg>xpath=//*[@id="UserName"]</arg>
<arg>${username}</arg>
<doc>Types the given ``text`` into the text field identified by ``locator``.</doc>
<msg timestamp="20230714 16:00:03.138" level="INFO">Typing text 'labtestautomation@getnada.com' into text field 'xpath=//*[@id="UserName"]'.</msg>
<status status="PASS" starttime="20230714 16:00:03.132" endtime="20230714 16:00:03.340"/>
</kw>
<kw name="Input Text" library="Selenium2Library">
<arg>xpath=//*[@id="Password"]</arg>
<arg>${password}</arg>
<doc>Types the given ``text`` into the text field identified by ``locator``.</doc>
<msg timestamp="20230714 16:00:03.350" level="INFO">Typing text 'P@ssword1' into text field 'xpath=//*[@id="Password"]'.</msg>
<status status="PASS" starttime="20230714 16:00:03.343" endtime="20230714 16:00:03.546"/>
</kw>
<kw name="Click Element" library="Selenium2Library">
<arg>xpath=//*[@id="sso-login"]/form/input[5]</arg>
<doc>Click the element identified by ``locator``.</doc>
<msg timestamp="20230714 16:00:03.554" level="INFO">Clicking element 'xpath=//*[@id="sso-login"]/form/input[5]'.</msg>
<status status="PASS" starttime="20230714 16:00:03.549" endtime="20230714 16:00:07.769"/>
</kw>
<status status="PASS" starttime="20230714 16:00:01.117" endtime="20230714 16:00:07.771"/>
</kw>
<kw name="Upload file" library="Globalkeywords">
<kw name="Wait Until Page Contains Element" library="Selenium2Library">
<arg>xpath=//*[@id="hiddeninput-cm"]</arg>
<arg>timeout=100s</arg>
<doc>Waits until the element ``locator`` appears on the current page.</doc>
<status status="PASS" starttime="20230714 16:00:07.781" endtime="20230714 16:00:12.587"/>
</kw>
<kw name="Choose File" library="Selenium2Library">
<arg>xpath=//*[@id="hiddeninput-cm"]</arg>
<arg>C:\\Users\\Nimbyx\\Documents\\Robot - framework\\Evident Automation\\Evident Design Test Automation/download.jfif</arg>
<doc>Inputs the ``file_path`` into the file input field ``locator``.</doc>
<msg timestamp="20230714 16:00:12.597" level="INFO">Sending C:\Users\Nimbyx\Documents\Robot - framework\Evident Automation\Evident Design Test Automation\download.jfif to browser.</msg>
<status status="PASS" starttime="20230714 16:00:12.588" endtime="20230714 16:00:12.731"/>
</kw>
<kw name="Sleep" library="BuiltIn">
<arg>3s</arg>
<doc>Pauses the test executed for the given time.</doc>
<msg timestamp="20230714 16:00:15.736" level="INFO">Slept 3 seconds</msg>
<status status="PASS" starttime="20230714 16:00:12.732" endtime="20230714 16:00:15.737"/>
</kw>
<status status="PASS" starttime="20230714 16:00:07.775" endtime="20230714 16:00:15.738"/>
</kw>
<kw name=" close support pop up modal" library="Globalkeywords">
<kw name="Run Keyword And Return Status" library="BuiltIn">
<var>${supportpop1}</var>
<arg>Page Should Contain Element</arg>
<arg>xpath=//*[@id="hubspot-conversations-iframe"]</arg>
<arg>timeout=10s</arg>
<doc>Runs the given keyword with given arguments and returns the status as a Boolean value.</doc>
<kw name="Page Should Contain Element" library="Selenium2Library">
<arg>xpath=//*[@id="hubspot-conversations-iframe"]</arg>
<arg>timeout=10s</arg>
<doc>Verifies that element ``locator`` is found on the current page.</doc>
<msg timestamp="20230714 16:00:16.529" level="INFO">Current page contains element 'xpath=//*[@id="hubspot-conversations-iframe"]'.</msg>
<status status="PASS" starttime="20230714 16:00:15.750" endtime="20230714 16:00:16.530"/>
</kw>
<msg timestamp="20230714 16:00:16.532" level="INFO">${supportpop1} = True</msg>
<status status="PASS" starttime="20230714 16:00:15.746" endtime="20230714 16:00:16.533"/>
</kw>
<if>
<branch type="IF" condition="${supportpop1} == ${True}">
<kw name="Select Frame" library="Selenium2Library">
<arg>xpath=//*[@id="hubspot-conversations-iframe"]</arg>
<doc>Sets frame identified by ``locator`` as the current frame.</doc>
<msg timestamp="20230714 16:00:16.547" level="INFO">Selecting frame 'xpath=//*[@id="hubspot-conversations-iframe"]'.</msg>
<status status="PASS" starttime="20230714 16:00:16.539" endtime="20230714 16:00:16.643"/>
</kw>
<kw name="Run Keyword And Return Status" library="BuiltIn">
<var>${supportpop}</var>
<arg>Page Should Contain Element</arg>
<arg>xpath=//*[@id="welcome-message"]</arg>
<doc>Runs the given keyword with given arguments and returns the status as a Boolean value.</doc>
<kw name="Page Should Contain Element" library="Selenium2Library">
<arg>xpath=//*[@id="welcome-message"]</arg>
<doc>Verifies that element ``locator`` is found on the current page.</doc>
<msg timestamp="20230714 16:00:16.681" level="INFO">Current page contains element 'xpath=//*[@id="welcome-message"]'.</msg>
<status status="PASS" starttime="20230714 16:00:16.650" endtime="20230714 16:00:16.682"/>
</kw>
<msg timestamp="20230714 16:00:16.685" level="INFO">${supportpop} = True</msg>
<status status="PASS" starttime="20230714 16:00:16.647" endtime="20230714 16:00:16.686"/>
</kw>
<kw name="Log To Console" library="BuiltIn">
<arg>${supportpop}</arg>
<doc>Logs the given message to the console.</doc>
<status status="PASS" starttime="20230714 16:00:16.688" endtime="20230714 16:00:16.693"/>
</kw>
<if>
<branch type="IF" condition="${supportpop} == ${True}">
<kw name="Click Element" library="Selenium2Library">
<arg>xpath=//*[@id="welcome-message"]</arg>
<doc>Click the element identified by ``locator``.</doc>
<msg timestamp="20230714 16:00:16.704" level="INFO">Clicking element 'xpath=//*[@id="welcome-message"]'.</msg>
<status status="PASS" starttime="20230714 16:00:16.699" endtime="20230714 16:00:16.927"/>
</kw>
<kw name="Sleep" library="BuiltIn">
<arg>0.5s</arg>
<doc>Pauses the test executed for the given time.</doc>
<msg timestamp="20230714 16:00:17.434" level="INFO">Slept 500 milliseconds</msg>
<status status="PASS" starttime="20230714 16:00:16.931" endtime="20230714 16:00:17.436"/>
</kw>
<kw name="Click Element" library="Selenium2Library">
<arg>xpath=/html/body/div[2]/div[1]/div/span[3]/span/div/button</arg>
<doc>Click the element identified by ``locator``.</doc>
<msg timestamp="20230714 16:00:17.447" level="INFO">Clicking element 'xpath=/html/body/div[2]/div[1]/div/span[3]/span/div/button'.</msg>
<status status="PASS" starttime="20230714 16:00:17.438" endtime="20230714 16:00:17.724"/>
</kw>
<kw name="Unselect Frame" library="Selenium2Library">
<doc>Sets the main frame as the current frame.</doc>
<status status="PASS" starttime="20230714 16:00:17.730" endtime="20230714 16:00:17.743"/>
</kw>
<kw name="Sleep" library="BuiltIn">
<arg>1s</arg>
<doc>Pauses the test executed for the given time.</doc>
<msg timestamp="20230714 16:00:18.751" level="INFO">Slept 1 second</msg>
<status status="PASS" starttime="20230714 16:00:17.748" endtime="20230714 16:00:18.753"/>
</kw>
<status status="PASS" starttime="20230714 16:00:16.696" endtime="20230714 16:00:18.756"/>
</branch>
<branch type="ELSE">
<kw name="Unselect Frame" library="Selenium2Library">
<doc>Sets the main frame as the current frame.</doc>
<status status="NOT RUN" starttime="20230714 16:00:18.761" endtime="20230714 16:00:18.763"/>
</kw>
<status status="NOT RUN" starttime="20230714 16:00:18.758" endtime="20230714 16:00:18.765"/>
</branch>
<status status="PASS" starttime="20230714 16:00:16.695" endtime="20230714 16:00:18.768"/>
</if>
<status status="PASS" starttime="20230714 16:00:16.535" endtime="20230714 16:00:18.769"/>
</branch>
<branch type="ELSE">
<kw name="Unselect Frame" library="Selenium2Library">
<doc>Sets the main frame as the current frame.</doc>
<status status="NOT RUN" starttime="20230714 16:00:18.774" endtime="20230714 16:00:18.776"/>
</kw>
<status status="NOT RUN" starttime="20230714 16:00:18.771" endtime="20230714 16:00:18.778"/>
</branch>
<status status="PASS" starttime="20230714 16:00:16.534" endtime="20230714 16:00:18.780"/>
</if>
<status status="PASS" starttime="20230714 16:00:15.741" endtime="20230714 16:00:18.781"/>
</kw>
<kw name="Fill up case with favorite" library="Globalkeywords">
<kw name="Get WebElements" library="Selenium2Library">
<var>${elements}</var>
<arg>xpath=//*[@id="uia-draft-file-table-rows"]</arg>
<doc>Returns a list of WebElement objects matching the ``locator``.</doc>
<msg timestamp="20230714 16:00:18.839" level="INFO">${elements} = [&lt;selenium.webdriver.remote.webelement.WebElement (session="e446f10907a060c5211e6c46afef5533", element="C337882D57F86BCC9F16BE4572997748_element_81")&gt;, &lt;selenium.webdriver.remote.webelement.WebElement...</msg>
<status status="PASS" starttime="20230714 16:00:18.789" endtime="20230714 16:00:18.842"/>
</kw>
<kw name="Get Length" library="BuiltIn">
<var>${length}</var>
<arg>${elements}</arg>
<doc>Returns and logs the length of the given item as an integer.</doc>
<msg timestamp="20230714 16:00:18.848" level="INFO">Length is 23</msg>
<msg timestamp="20230714 16:00:18.849" level="INFO">${length} = 23</msg>
<status status="PASS" starttime="20230714 16:00:18.845" endtime="20230714 16:00:18.851"/>
</kw>
<kw name="Evaluate" library="BuiltIn">
<var>${last_index}</var>
<arg>${length} - 1</arg>
<doc>Evaluates the given expression in Python and returns the result.</doc>
<msg timestamp="20230714 16:00:18.857" level="INFO">${last_index} = 22</msg>
<status status="PASS" starttime="20230714 16:00:18.853" endtime="20230714 16:00:18.859"/>
</kw>
<kw name="Set Global Variable" library="BuiltIn">
<arg>${length}</arg>
<doc>Makes a variable available globally in all tests and suites.</doc>
<msg timestamp="20230714 16:00:18.865" level="INFO">${length} = 23</msg>
<status status="PASS" starttime="20230714 16:00:18.861" endtime="20230714 16:00:18.866"/>
</kw>
<if>
<branch type="IF" condition="${last_index} == 0">
<kw name="Set Variable" library="BuiltIn">
<var>${thetr}</var>
<arg>${EMPTY}</arg>
<doc>Returns the given values which can then be assigned to a variables.</doc>
<status status="NOT RUN" starttime="20230714 16:00:18.874" endtime="20230714 16:00:18.880"/>
</kw>
<status status="NOT RUN" starttime="20230714 16:00:18.868" endtime="20230714 16:00:18.881"/>
</branch>
<branch type="ELSE">
<kw name="Set Variable" library="BuiltIn">
<var>${thetr}</var>
<arg>[${length}]</arg>
<doc>Returns the given values which can then be assigned to a variables.</doc>
<msg timestamp="20230714 16:00:18.887" level="INFO">${thetr} = [23]</msg>
<status status="PASS" starttime="20230714 16:00:18.884" endtime="20230714 16:00:18.888"/>
</kw>
<status status="PASS" starttime="20230714 16:00:18.883" endtime="20230714 16:00:18.890"/>
</branch>
<status status="PASS" starttime="20230714 16:00:18.868" endtime="20230714 16:00:18.891"/>
</if>
<kw name="Log To Console" library="BuiltIn">
<arg>${thetr} this is the log</arg>
<doc>Logs the given message to the console.</doc>
<status status="PASS" starttime="20230714 16:00:18.894" endtime="20230714 16:00:18.898"/>
</kw>
<kw name="Click Element" library="Selenium2Library">
<arg>xpath=//*[@id="select-design-type-${last_index}-0"]</arg>
<doc>Click the element identified by ``locator``.</doc>
<msg timestamp="20230714 16:00:18.906" level="INFO">Clicking element 'xpath=//*[@id="select-design-type-22-0"]'.</msg>
<status status="PASS" starttime="20230714 16:00:18.901" endtime="20230714 16:00:19.110"/>
</kw>
<if>
<branch type="IF" condition="&quot;${prodcatname}&quot; == &quot;crown-and-bridge&quot;">
<kw name="Set Variable" library="BuiltIn">
<var>${prodcat}</var>
<arg>2</arg>
<doc>Returns the given values which can then be assigned to a variables.</doc>
<msg timestamp="20230714 16:00:19.116" level="INFO">${prodcat} = 2</msg>
<status status="PASS" starttime="20230714 16:00:19.114" endtime="20230714 16:00:19.117"/>
</kw>
<kw name="Set Variable" library="BuiltIn">
<var>${prodcatflow}</var>
<arg>${prodcatname}</arg>
<doc>Returns the given values which can then be assigned to a variables.</doc>
<msg timestamp="20230714 16:00:19.124" level="INFO">${prodcatflow} = crown-and-bridge</msg>
<status status="PASS" starttime="20230714 16:00:19.120" endtime="20230714 16:00:19.126"/>
</kw>
<status status="PASS" starttime="20230714 16:00:19.112" endtime="20230714 16:00:19.127"/>
</branch>
<branch type="ELSE">
<if>
<branch type="IF" condition="&quot;${prodcatname}&quot; == &quot;Models&quot;">
<kw name="Set Variable" library="BuiltIn">
<var>${prodcat}</var>
<arg>3</arg>
<doc>Returns the given values which can then be assigned to a variables.</doc>
<status status="NOT RUN" starttime="20230714 16:00:19.130" endtime="20230714 16:00:19.133"/>
</kw>
<kw name="Set Variable" library="BuiltIn">
<var>${prodcatflow}</var>
<arg>${prodcatname}</arg>
<doc>Returns the given values which can then be assigned to a variables.</doc>
<status status="NOT RUN" starttime="20230714 16:00:19.137" endtime="20230714 16:00:19.139"/>
</kw>
<status status="NOT RUN" starttime="20230714 16:00:19.129" endtime="20230714 16:00:19.143"/>
</branch>
<branch type="ELSE">
<if>
<branch type="IF" condition="&quot;${prodcatname}&quot; == &quot;implant-restoration&quot;">
<kw name="Set Variable" library="BuiltIn">
<var>${prodcat}</var>
<arg>4</arg>
<doc>Returns the given values which can then be assigned to a variables.</doc>
<status status="NOT RUN" starttime="20230714 16:00:19.147" endtime="20230714 16:00:19.148"/>
</kw>
<kw name="Set Variable" library="BuiltIn">
<var>${prodcatflow}</var>
<arg>${prodcatname}</arg>
<doc>Returns the given values which can then be assigned to a variables.</doc>
<status status="NOT RUN" starttime="20230714 16:00:19.150" endtime="20230714 16:00:19.150"/>
</kw>
<status status="NOT RUN" starttime="20230714 16:00:19.145" endtime="20230714 16:00:19.151"/>
</branch>
<branch type="ELSE">
<if>
<branch type="IF" condition="&quot;${prodcatname}&quot; == &quot;aligners&quot;">
<kw name="Set Variable" library="BuiltIn">
<var>${prodcat}</var>
<arg>6</arg>
<doc>Returns the given values which can then be assigned to a variables.</doc>
<status status="NOT RUN" starttime="20230714 16:00:19.157" endtime="20230714 16:00:19.158"/>
</kw>
<kw name="Set Variable" library="BuiltIn">
<var>${prodcatflow}</var>
<arg>${prodcatname}</arg>
<doc>Returns the given values which can then be assigned to a variables.</doc>
<status status="NOT RUN" starttime="20230714 16:00:19.160" endtime="20230714 16:00:19.162"/>
</kw>
<status status="NOT RUN" starttime="20230714 16:00:19.154" endtime="20230714 16:00:19.163"/>
</branch>
<branch type="ELSE">
<if>
<branch type="IF" condition="&quot;${prodcatname}&quot; == &quot;removables&quot;">
<kw name="Set Variable" library="BuiltIn">
<var>${prodcat}</var>
<arg>7</arg>
<doc>Returns the given values which can then be assigned to a variables.</doc>
<status status="NOT RUN" starttime="20230714 16:00:19.166" endtime="20230714 16:00:19.167"/>
</kw>
<kw name="Set Variable" library="BuiltIn">
<var>${prodcatflow}</var>
<arg>${prodcatname}</arg>
<doc>Returns the given values which can then be assigned to a variables.</doc>
<status status="NOT RUN" starttime="20230714 16:00:19.168" endtime="20230714 16:00:19.169"/>
</kw>
<status status="NOT RUN" starttime="20230714 16:00:19.165" endtime="20230714 16:00:19.170"/>
</branch>
<branch type="ELSE">
<if>
<branch type="IF" condition="&quot;${prodcatname}&quot; == &quot;snapon-smile&quot;">
<kw name="Set Variable" library="BuiltIn">
<var>${prodcat}</var>
<arg>8</arg>
<doc>Returns the given values which can then be assigned to a variables.</doc>
<status status="NOT RUN" starttime="20230714 16:00:19.173" endtime="20230714 16:00:19.176"/>
</kw>
<kw name="Set Variable" library="BuiltIn">
<var>${prodcatflow}</var>
<arg>${prodcatname}</arg>
<doc>Returns the given values which can then be assigned to a variables.</doc>
<status status="NOT RUN" starttime="20230714 16:00:19.179" endtime="20230714 16:00:19.182"/>
</kw>
<kw name="Set Variable" library="BuiltIn">
<var>${prodcatflow}</var>
<arg>${prodcatname}</arg>
<doc>Returns the given values which can then be assigned to a variables.</doc>
<status status="NOT RUN" starttime="20230714 16:00:19.184" endtime="20230714 16:00:19.186"/>
</kw>
<status status="NOT RUN" starttime="20230714 16:00:19.172" endtime="20230714 16:00:19.187"/>
</branch>
<branch type="ELSE">
<if>
<branch type="IF" condition="&quot;${prodcatname}&quot; == &quot;dentofacial-digital&quot;">
<kw name="Set Variable" library="BuiltIn">
<var>${prodcat}</var>
<arg>9</arg>
<doc>Returns the given values which can then be assigned to a variables.</doc>
<status status="NOT RUN" starttime="20230714 16:00:19.192" endtime="20230714 16:00:19.194"/>
</kw>
<kw name="Set Variable" library="BuiltIn">
<var>${prodcatflow}</var>
<arg>${prodcatname}</arg>
<doc>Returns the given values which can then be assigned to a variables.</doc>
<status status="NOT RUN" starttime="20230714 16:00:19.198" endtime="20230714 16:00:19.201"/>
</kw>
<status status="NOT RUN" starttime="20230714 16:00:19.189" endtime="20230714 16:00:19.203"/>
</branch>
<branch type="ELSE">
<if>
<branch type="IF" condition="&quot;${prodcatname}&quot; == &quot;other&quot;">
<kw name="Set Variable" library="BuiltIn">
<var>${prodcat}</var>
<arg>10</arg>
<doc>Returns the given values which can then be assigned to a variables.</doc>
<status status="NOT RUN" starttime="20230714 16:00:19.210" endtime="20230714 16:00:19.212"/>
</kw>
<kw name="Set Variable" library="BuiltIn">
<var>${prodcatflow}</var>
<arg>${prodcatname}</arg>
<doc>Returns the given values which can then be assigned to a variables.</doc>
<status status="NOT RUN" starttime="20230714 16:00:19.216" endtime="20230714 16:00:19.219"/>
</kw>
<status status="NOT RUN" starttime="20230714 16:00:19.206" endtime="20230714 16:00:19.221"/>
</branch>
<branch type="ELSE">
<if>
<branch type="IF" condition="&quot;${prodcatname}&quot; == &quot;Surgical Planning&quot;">
<kw name="Set Variable" library="BuiltIn">
<var>${prodcat}</var>
<arg>5</arg>
<doc>Returns the given values which can then be assigned to a variables.</doc>
<status status="NOT RUN" starttime="20230714 16:00:19.232" endtime="20230714 16:00:19.233"/>
</kw>
<kw name="Set Variable" library="BuiltIn">
<var>${prodcatname}</var>
<arg>implant-restoration</arg>
<doc>Returns the given values which can then be assigned to a variables.</doc>
<status status="NOT RUN" starttime="20230714 16:00:19.235" endtime="20230714 16:00:19.237"/>
</kw>
<kw name="Set Variable" library="BuiltIn">
<var>${productcatarray}</var>
<arg>[2]</arg>
<doc>Returns the given values which can then be assigned to a variables.</doc>
<status status="NOT RUN" starttime="20230714 16:00:19.239" endtime="20230714 16:00:19.242"/>
</kw>
<kw name="Set Variable" library="BuiltIn">
<var>${prodcatflow}</var>
<arg>Surgical Planning</arg>
<doc>Returns the given values which can then be assigned to a variables.</doc>
<status status="NOT RUN" starttime="20230714 16:00:19.246" endtime="20230714 16:00:19.247"/>
</kw>
<status status="NOT RUN" starttime="20230714 16:00:19.229" endtime="20230714 16:00:19.248"/>
</branch>
<branch type="ELSE">
<kw name="Close All Browsers" library="Selenium2Library">
<doc>Closes all open browsers and resets the browser cache.</doc>
<status status="NOT RUN" starttime="20230714 16:00:19.252" endtime="20230714 16:00:19.253"/>
</kw>
<status status="NOT RUN" starttime="20230714 16:00:19.249" endtime="20230714 16:00:19.254"/>
</branch>
<status status="NOT RUN" starttime="20230714 16:00:19.228" endtime="20230714 16:00:19.256"/>
</if>
<status status="NOT RUN" starttime="20230714 16:00:19.224" endtime="20230714 16:00:19.256"/>
</branch>
<status status="NOT RUN" starttime="20230714 16:00:19.205" endtime="20230714 16:00:19.259"/>
</if>
<status status="NOT RUN" starttime="20230714 16:00:19.204" endtime="20230714 16:00:19.261"/>
</branch>
<status status="NOT RUN" starttime="20230714 16:00:19.189" endtime="20230714 16:00:19.262"/>
</if>
<status status="NOT RUN" starttime="20230714 16:00:19.188" endtime="20230714 16:00:19.264"/>
</branch>
<status status="NOT RUN" starttime="20230714 16:00:19.171" endtime="20230714 16:00:19.267"/>
</if>
<status status="NOT RUN" starttime="20230714 16:00:19.171" endtime="20230714 16:00:19.267"/>
</branch>
<status status="NOT RUN" starttime="20230714 16:00:19.165" endtime="20230714 16:00:19.270"/>
</if>
<status status="NOT RUN" starttime="20230714 16:00:19.164" endtime="20230714 16:00:19.270"/>
</branch>
<status status="NOT RUN" starttime="20230714 16:00:19.154" endtime="20230714 16:00:19.272"/>
</if>
<status status="NOT RUN" starttime="20230714 16:00:19.153" endtime="20230714 16:00:19.273"/>
</branch>
<status status="NOT RUN" starttime="20230714 16:00:19.145" endtime="20230714 16:00:19.274"/>
</if>
<status status="NOT RUN" starttime="20230714 16:00:19.143" endtime="20230714 16:00:19.275"/>
</branch>
<status status="NOT RUN" starttime="20230714 16:00:19.128" endtime="20230714 16:00:19.279"/>
</if>
<status status="NOT RUN" starttime="20230714 16:00:19.128" endtime="20230714 16:00:19.279"/>
</branch>
<status status="PASS" starttime="20230714 16:00:19.112" endtime="20230714 16:00:19.281"/>
</if>
<kw name="Log To Console" library="BuiltIn">
<arg>${prodcat} This is the product number based on the defined product category name</arg>
<doc>Logs the given message to the console.</doc>
<status status="PASS" starttime="20230714 16:00:19.282" endtime="20230714 16:00:19.287"/>
</kw>
<kw name="Run Keyword And Return Status" library="BuiltIn">
<var>${inthelist}</var>
<arg>Should Be True</arg>
<arg>'${prodcatflow}' in ${prodcatlistunits}</arg>
<doc>Runs the given keyword with given arguments and returns the status as a Boolean value.</doc>
<kw name="Should Be True" library="BuiltIn">
<arg>'${prodcatflow}' in ${prodcatlistunits}</arg>
<doc>Fails if the given condition is not true.</doc>
<status status="PASS" starttime="20230714 16:00:19.295" endtime="20230714 16:00:19.300"/>
</kw>
<msg timestamp="20230714 16:00:19.302" level="INFO">${inthelist} = True</msg>
<status status="PASS" starttime="20230714 16:00:19.289" endtime="20230714 16:00:19.302"/>
</kw>
<kw name="Log To Console" library="BuiltIn">
<arg>${inthelist}</arg>
<doc>Logs the given message to the console.</doc>
<status status="PASS" starttime="20230714 16:00:19.304" endtime="20230714 16:00:19.311"/>
</kw>
<if>
<branch type="IF" condition="${inthelist} == ${True}">
<kw name="Click Element" library="Selenium2Library">
<arg>xpath=/html/body/div[1]/div/div/create-case-modal/div/div[1]/div[5]/table/tbody/tr[${length}]/td[3]/table/tbody/tr/td[2]/div[2]/div/div[${prodcat}]/p</arg>
<doc>Click the element identified by ``locator``.</doc>
<msg timestamp="20230714 16:00:19.326" level="INFO">Clicking element 'xpath=/html/body/div[1]/div/div/create-case-modal/div/div[1]/div[5]/table/tbody/tr[23]/td[3]/table/tbody/tr/td[2]/div[2]/div/div[2]/p'.</msg>
<status status="PASS" starttime="20230714 16:00:19.319" endtime="20230714 16:00:19.850"/>
</kw>
<kw name="Click Element" library="Selenium2Library">
<arg>xpath=(//*[@id="checkbox-${prodcatname}-${last_index}-0-${prodno}"]/div[2])${productcatarray}</arg>
<doc>Click the element identified by ``locator``.</doc>
<msg timestamp="20230714 16:00:19.861" level="INFO">Clicking element 'xpath=(//*[@id="checkbox-crown-and-bridge-22-0-0"]/div[2])'.</msg>
<status status="PASS" starttime="20230714 16:00:19.852" endtime="20230714 16:00:20.169"/>
</kw>
<kw name="Click Element" library="Selenium2Library">
<arg>xpath=//*[@id="instruction-${last_index}"]</arg>
<doc>Click the element identified by ``locator``.</doc>
<msg timestamp="20230714 16:00:20.180" level="INFO">Clicking element 'xpath=//*[@id="instruction-22"]'.</msg>
<status status="PASS" starttime="20230714 16:00:20.173" endtime="20230714 16:00:20.511"/>
</kw>
<kw name="Input Text" library="Selenium2Library">
<arg>xpath=//*[@id="units-${last_index}-0"]</arg>
<arg>2</arg>
<doc>Types the given ``text`` into the text field identified by ``locator``.</doc>
<msg timestamp="20230714 16:00:20.520" level="INFO">Typing text '2' into text field 'xpath=//*[@id="units-22-0"]'.</msg>
<status status="PASS" starttime="20230714 16:00:20.514" endtime="20230714 16:00:20.921"/>
</kw>
<kw name="Select From List By Label" library="Selenium2Library">
<arg>xpath=//*[@id="position-${last_index}-0"]</arg>
<arg>Anterior</arg>
<doc>Selects options from selection list ``locator`` by ``labels``.</doc>
<msg timestamp="20230714 16:00:20.931" level="INFO">Selecting options from selection list 'xpath=//*[@id="position-22-0"]' by label Anterior.</msg>
<status status="PASS" starttime="20230714 16:00:20.925" endtime="20230714 16:00:21.238"/>
</kw>
<kw name="Select From List By Label" library="Selenium2Library">
<arg>xpath=//*[@id="scannerType-${last_index}"]</arg>
<arg>3Shape</arg>
<doc>Selects options from selection list ``locator`` by ``labels``.</doc>
<msg timestamp="20230714 16:00:21.249" level="INFO">Selecting options from selection list 'xpath=//*[@id="scannerType-22"]' by label 3Shape.</msg>
<status status="PASS" starttime="20230714 16:00:21.240" endtime="20230714 16:00:21.424"/>
</kw>
<kw name="Input Text" library="Selenium2Library">
<arg>xpath=//*[@id="instruction-${last_index}"]</arg>
<arg>test automation</arg>
<doc>Types the given ``text`` into the text field identified by ``locator``.</doc>
<msg timestamp="20230714 16:00:21.434" level="INFO">Typing text 'test automation' into text field 'xpath=//*[@id="instruction-22"]'.</msg>
<status status="PASS" starttime="20230714 16:00:21.427" endtime="20230714 16:00:22.414"/>
</kw>
<kw name="Sleep" library="BuiltIn">
<arg>1s</arg>
<doc>Pauses the test executed for the given time.</doc>
<msg timestamp="20230714 16:00:23.420" level="INFO">Slept 1 second</msg>
<status status="PASS" starttime="20230714 16:00:22.416" endtime="20230714 16:00:23.421"/>
</kw>
<kw name="Confirm Submit" library="Globalkeywords">
<kw name="Get WebElements" library="Selenium2Library">
<var>${elements}</var>
<arg>xpath=//*[@id="uia-draft-file-table-rows"]</arg>
<doc>Returns a list of WebElement objects matching the ``locator``.</doc>
<msg timestamp="20230714 16:00:23.472" level="INFO">${elements} = [&lt;selenium.webdriver.remote.webelement.WebElement (session="e446f10907a060c5211e6c46afef5533", element="C337882D57F86BCC9F16BE4572997748_element_81")&gt;, &lt;selenium.webdriver.remote.webelement.WebElement...</msg>
<status status="PASS" starttime="20230714 16:00:23.431" endtime="20230714 16:00:23.473"/>
</kw>
<kw name="Get Length" library="BuiltIn">
<var>${length}</var>
<arg>${elements}</arg>
<doc>Returns and logs the length of the given item as an integer.</doc>
<msg timestamp="20230714 16:00:23.480" level="INFO">Length is 23</msg>
<msg timestamp="20230714 16:00:23.481" level="INFO">${length} = 23</msg>
<status status="PASS" starttime="20230714 16:00:23.477" endtime="20230714 16:00:23.482"/>
</kw>
<kw name="Evaluate" library="BuiltIn">
<var>${last_index}</var>
<arg>${length} - 1</arg>
<doc>Evaluates the given expression in Python and returns the result.</doc>
<msg timestamp="20230714 16:00:23.489" level="INFO">${last_index} = 22</msg>
<status status="PASS" starttime="20230714 16:00:23.485" endtime="20230714 16:00:23.490"/>
</kw>
<kw name="Click Element" library="Selenium2Library">
<arg>xpath=//*[@id="uia-submit-one-${last_index}"]</arg>
<doc>Click the element identified by ``locator``.</doc>
<msg timestamp="20230714 16:00:23.499" level="INFO">Clicking element 'xpath=//*[@id="uia-submit-one-22"]'.</msg>
<status status="PASS" starttime="20230714 16:00:23.493" endtime="20230714 16:00:23.686"/>
</kw>
<status status="PASS" starttime="20230714 16:00:23.425" endtime="20230714 16:00:23.688"/>
</kw>
<status status="PASS" starttime="20230714 16:00:19.314" endtime="20230714 16:00:23.689"/>
</branch>
<branch type="ELSE">
<kw name="Click Element" library="Selenium2Library">
<arg>xpath=/html/body/div[1]/div/div/create-case-modal/div/div[1]/div[5]/table/tbody/tr[${length}]/td[3]/table/tbody/tr/td[2]/div[2]/div/div[${prodcat}]/p</arg>
<doc>Click the element identified by ``locator``.</doc>
<status status="NOT RUN" starttime="20230714 16:00:23.695" endtime="20230714 16:00:23.697"/>
</kw>
<kw name="Click Element" library="Selenium2Library">
<arg>xpath=(//*[@id="checkbox-${prodcatname}-${last_index}-0-${prodno}"]/div[2])${productcatarray}</arg>
<doc>Click the element identified by ``locator``.</doc>
<status status="NOT RUN" starttime="20230714 16:00:23.698" endtime="20230714 16:00:23.700"/>
</kw>
<kw name="Confirm Submit" library="Globalkeywords">
<status status="NOT RUN" starttime="20230714 16:00:23.702" endtime="20230714 16:00:23.705"/>
</kw>
<status status="NOT RUN" starttime="20230714 16:00:23.692" endtime="20230714 16:00:23.706"/>
</branch>
<status status="PASS" starttime="20230714 16:00:19.313" endtime="20230714 16:00:23.708"/>
</if>
<status status="PASS" starttime="20230714 16:00:18.785" endtime="20230714 16:00:23.709"/>
</kw>
<kw name="Confirm Submit" library="Globalkeywords">
<kw name="Get WebElements" library="Selenium2Library">
<var>${elements}</var>
<arg>xpath=//*[@id="uia-draft-file-table-rows"]</arg>
<doc>Returns a list of WebElement objects matching the ``locator``.</doc>
<msg timestamp="20230714 16:00:23.773" level="INFO">${elements} = [&lt;selenium.webdriver.remote.webelement.WebElement (session="e446f10907a060c5211e6c46afef5533", element="C337882D57F86BCC9F16BE4572997748_element_81")&gt;, &lt;selenium.webdriver.remote.webelement.WebElement...</msg>
<status status="PASS" starttime="20230714 16:00:23.717" endtime="20230714 16:00:23.774"/>
</kw>
<kw name="Get Length" library="BuiltIn">
<var>${length}</var>
<arg>${elements}</arg>
<doc>Returns and logs the length of the given item as an integer.</doc>
<msg timestamp="20230714 16:00:23.782" level="INFO">Length is 23</msg>
<msg timestamp="20230714 16:00:23.783" level="INFO">${length} = 23</msg>
<status status="PASS" starttime="20230714 16:00:23.777" endtime="20230714 16:00:23.784"/>
</kw>
<kw name="Evaluate" library="BuiltIn">
<var>${last_index}</var>
<arg>${length} - 1</arg>
<doc>Evaluates the given expression in Python and returns the result.</doc>
<msg timestamp="20230714 16:00:23.790" level="INFO">${last_index} = 22</msg>
<status status="PASS" starttime="20230714 16:00:23.786" endtime="20230714 16:00:23.792"/>
</kw>
<kw name="Click Element" library="Selenium2Library">
<arg>xpath=//*[@id="uia-submit-one-${last_index}"]</arg>
<doc>Click the element identified by ``locator``.</doc>
<msg timestamp="20230714 16:00:23.801" level="INFO">Clicking element 'xpath=//*[@id="uia-submit-one-22"]'.</msg>
<status status="PASS" starttime="20230714 16:00:23.795" endtime="20230714 16:00:23.976"/>
</kw>
<status status="PASS" starttime="20230714 16:00:23.713" endtime="20230714 16:00:23.977"/>
</kw>
<kw name="Close and check if Case is created" library="Globalkeywords">
<kw name="Sleep" library="BuiltIn">
<arg>10s</arg>
<arg>to wait submittion of case</arg>
<doc>Pauses the test executed for the given time.</doc>
<msg timestamp="20230714 16:00:33.992" level="INFO">Slept 10 seconds</msg>
<msg timestamp="20230714 16:00:33.994" level="INFO">to wait submittion of case</msg>
<status status="PASS" starttime="20230714 16:00:23.986" endtime="20230714 16:00:33.995"/>
</kw>
<kw name="Scroll Element Into View" library="Selenium2Library">
<arg>xpath=//*[@id="close-wrapper"]</arg>
<doc>Scrolls the element identified by ``locator`` into view.</doc>
<status status="PASS" starttime="20230714 16:00:33.997" endtime="20230714 16:00:34.337"/>
</kw>
<kw name="Click Element" library="Selenium2Library">
<arg>xpath=//*[@id="close-wrapper"]</arg>
<doc>Click the element identified by ``locator``.</doc>
<msg timestamp="20230714 16:00:34.345" level="INFO">Clicking element 'xpath=//*[@id="close-wrapper"]'.</msg>
<status status="PASS" starttime="20230714 16:00:34.340" endtime="20230714 16:00:34.548"/>
</kw>
<kw name="Scroll Element Into View" library="Selenium2Library">
<arg>xpath=/html/body/ui-view/ui-view/lab-case-management/div/div[2]/div[5]/div[1]/table/tbody/tr[1]/td[2]/div[1]/p[1]</arg>
<doc>Scrolls the element identified by ``locator`` into view.</doc>
<status status="PASS" starttime="20230714 16:00:34.551" endtime="20230714 16:00:35.788"/>
</kw>
<kw name="Get Text" library="Selenium2Library">
<var>${casenumber}</var>
<arg>xpath=/html/body/ui-view/ui-view/lab-case-management/div/div[2]/div[5]/div[1]/table/tbody/tr[1]/td[2]/div[1]/p[1]</arg>
<doc>Returns the text value of the element identified by ``locator``.</doc>
<msg timestamp="20230714 16:00:35.848" level="INFO">${casenumber} = 531299128</msg>
<status status="PASS" starttime="20230714 16:00:35.792" endtime="20230714 16:00:35.849"/>
</kw>
<kw name="Copy" library="copy">
<var>${checkcaseno}</var>
<arg>${casenumber}</arg>
<doc>Shallow copy operation on arbitrary Python objects.</doc>
<msg timestamp="20230714 16:00:35.856" level="INFO">${checkcaseno} = 531299128</msg>
<status status="PASS" starttime="20230714 16:00:35.852" endtime="20230714 16:00:35.857"/>
</kw>
<kw name="Log To Console" library="BuiltIn">
<arg>${checkcaseno}</arg>
<doc>Logs the given message to the console.</doc>
<status status="PASS" starttime="20230714 16:00:35.859" endtime="20230714 16:00:35.865"/>
</kw>
<status status="PASS" starttime="20230714 16:00:23.981" endtime="20230714 16:00:35.867"/>
</kw>
<kw name="Get Text" library="Selenium2Library">
<var>${casenumber}</var>
<arg>xpath=/html/body/ui-view/ui-view/lab-case-management/div/div[2]/div[5]/div[1]/table/tbody/tr[1]/td[2]/div[1]/p[1]</arg>
<doc>Returns the text value of the element identified by ``locator``.</doc>
<msg timestamp="20230714 16:00:35.919" level="INFO">${casenumber} = 531299128</msg>
<status status="PASS" starttime="20230714 16:00:35.871" endtime="20230714 16:00:35.920"/>
</kw>
<kw name="Copy" library="copy">
<var>${checkcaseno}</var>
<arg>${casenumber}</arg>
<doc>Shallow copy operation on arbitrary Python objects.</doc>
<msg timestamp="20230714 16:00:35.929" level="INFO">${checkcaseno} = 531299128</msg>
<status status="PASS" starttime="20230714 16:00:35.924" endtime="20230714 16:00:35.930"/>
</kw>
<kw name="Log To Console" library="BuiltIn">
<arg>${checkcaseno}</arg>
<doc>Logs the given message to the console.</doc>
<status status="PASS" starttime="20230714 16:00:35.936" endtime="20230714 16:00:35.943"/>
</kw>
<kw name="Log out lab account" library="Globalkeywords">
<kw name="Click Element" library="Selenium2Library">
<arg>xpath=//*[@id="parent_header"]/div/div[1]/div[3]/ul/li[3]/div</arg>
<doc>Click the element identified by ``locator``.</doc>
<msg timestamp="20230714 16:00:35.956" level="INFO">Clicking element 'xpath=//*[@id="parent_header"]/div/div[1]/div[3]/ul/li[3]/div'.</msg>
<status status="PASS" starttime="20230714 16:00:35.950" endtime="20230714 16:00:36.123"/>
</kw>
<kw name="Click Element" library="Selenium2Library">
<arg>xpath=//*[@id="ed-logout"]</arg>
<doc>Click the element identified by ``locator``.</doc>
<msg timestamp="20230714 16:00:36.131" level="INFO">Clicking element 'xpath=//*[@id="ed-logout"]'.</msg>
<status status="PASS" starttime="20230714 16:00:36.126" endtime="20230714 16:00:36.282"/>
</kw>
<status status="PASS" starttime="20230714 16:00:35.946" endtime="20230714 16:00:36.284"/>
</kw>
<kw name="Login Designer account" library="Globalkeywords">
<kw name="Click Element" library="Selenium2Library">
<arg>xpath=//*[@id="login-in-page"]/div/div[2]/div/form/div[2]/button</arg>
<doc>Click the element identified by ``locator``.</doc>
<msg timestamp="20230714 16:00:36.296" level="INFO">Clicking element 'xpath=//*[@id="login-in-page"]/div/div[2]/div/form/div[2]/button'.</msg>
<status status="PASS" starttime="20230714 16:00:36.291" endtime="20230714 16:00:43.021"/>
</kw>
<kw name="Input Text" library="Selenium2Library">
<arg>xpath=//*[@id="UserName"]</arg>
<arg>${edusername}</arg>
<doc>Types the given ``text`` into the text field identified by ``locator``.</doc>
<msg timestamp="20230714 16:00:43.030" level="INFO">Typing text 'design@getnada.com' into text field 'xpath=//*[@id="UserName"]'.</msg>
<status status="PASS" starttime="20230714 16:00:43.024" endtime="20230714 16:00:43.211"/>
</kw>
<kw name="Input Text" library="Selenium2Library">
<arg>xpath=//*[@id="Password"]</arg>
<arg>${edpassword}</arg>
<doc>Types the given ``text`` into the text field identified by ``locator``.</doc>
<msg timestamp="20230714 16:00:43.218" level="INFO">Typing text 'password1' into text field 'xpath=//*[@id="Password"]'.</msg>
<status status="PASS" starttime="20230714 16:00:43.213" endtime="20230714 16:00:43.397"/>
</kw>
<kw name="Click Element" library="Selenium2Library">
<arg>xpath=//*[@id="sso-login"]/form/input[5]</arg>
<doc>Click the element identified by ``locator``.</doc>
<msg timestamp="20230714 16:00:43.405" level="INFO">Clicking element 'xpath=//*[@id="sso-login"]/form/input[5]'.</msg>
<status status="PASS" starttime="20230714 16:00:43.400" endtime="20230714 16:00:51.173"/>
</kw>
<status status="PASS" starttime="20230714 16:00:36.287" endtime="20230714 16:00:51.176"/>
</kw>
<kw name="Process the case number" library="Globalkeywords">
<arg>${checkcaseno}</arg>
<arg>${labname}</arg>
<kw name="Sleep" library="BuiltIn">
<arg>2s</arg>
<doc>Pauses the test executed for the given time.</doc>
<msg timestamp="20230714 16:00:53.194" level="INFO">Slept 2 seconds</msg>
<status status="PASS" starttime="20230714 16:00:51.189" endtime="20230714 16:00:53.195"/>
</kw>
<kw name="Click Element" library="Selenium2Library">
<arg>xpath=//*[@id="uia-btn-allcases"]</arg>
<doc>Click the element identified by ``locator``.</doc>
<msg timestamp="20230714 16:00:53.203" level="INFO">Clicking element 'xpath=//*[@id="uia-btn-allcases"]'.</msg>
<status status="PASS" starttime="20230714 16:00:53.197" endtime="20230714 16:01:00.873"/>
</kw>
<kw name="Click Element" library="Selenium2Library">
<arg>class=btn.btn-primary.btn-inverse.download-submit-button.uia-btn-assigntome.uia-btn-assigntome-${checkcaseno}</arg>
<doc>Click the element identified by ``locator``.</doc>
<msg timestamp="20230714 16:01:00.882" level="INFO">Clicking element 'class=btn.btn-primary.btn-inverse.download-submit-button.uia-btn-assigntome.uia-btn-assigntome-531299128'.</msg>
<status status="PASS" starttime="20230714 16:01:00.876" endtime="20230714 16:01:09.937"/>
</kw>
<kw name="Sleep" library="BuiltIn">
<arg>2s</arg>
<doc>Pauses the test executed for the given time.</doc>
<msg timestamp="20230714 16:01:11.945" level="INFO">Slept 2 seconds</msg>
<status status="PASS" starttime="20230714 16:01:09.940" endtime="20230714 16:01:11.947"/>
</kw>
<kw name="Click Element" library="Selenium2Library">
<arg>xpath=//*[@id="uia-btn-assigned"]</arg>
<doc>Click the element identified by ``locator``.</doc>
<msg timestamp="20230714 16:01:11.956" level="INFO">Clicking element 'xpath=//*[@id="uia-btn-assigned"]'.</msg>
<status status="PASS" starttime="20230714 16:01:11.949" endtime="20230714 16:01:12.175"/>
</kw>
<kw name="Sleep" library="BuiltIn">
<arg>2s</arg>
<doc>Pauses the test executed for the given time.</doc>
<msg timestamp="20230714 16:01:14.181" level="INFO">Slept 2 seconds</msg>
<status status="PASS" starttime="20230714 16:01:12.177" endtime="20230714 16:01:14.183"/>
</kw>
<kw name="Click Element" library="Selenium2Library">
<arg>xpath=//*[@id="checkCases_No_${checkcaseno}"]/td[10]/div[2]/div/div[3]/button</arg>
<doc>Click the element identified by ``locator``.</doc>
<msg timestamp="20230714 16:01:14.192" level="INFO">Clicking element 'xpath=//*[@id="checkCases_No_531299128"]/td[10]/div[2]/div/div[3]/button'.</msg>
<status status="PASS" starttime="20230714 16:01:14.186" endtime="20230714 16:01:14.522"/>
</kw>
<kw name="Sleep" library="BuiltIn">
<arg>20s</arg>
<doc>Pauses the test executed for the given time.</doc>
<msg timestamp="20230714 16:01:34.527" level="INFO">Slept 20 seconds</msg>
<status status="PASS" starttime="20230714 16:01:14.524" endtime="20230714 16:01:34.529"/>
</kw>
<kw name="Click Element" library="Selenium2Library">
<arg>xpath=//*[@id="uia-btn-inprogress"]</arg>
<doc>Click the element identified by ``locator``.</doc>
<msg timestamp="20230714 16:01:34.539" level="INFO">Clicking element 'xpath=//*[@id="uia-btn-inprogress"]'.</msg>
<status status="PASS" starttime="20230714 16:01:34.532" endtime="20230714 16:01:34.928"/>
</kw>
<kw name="Sleep" library="BuiltIn">
<arg>2s</arg>
<doc>Pauses the test executed for the given time.</doc>
<msg timestamp="20230714 16:01:36.938" level="INFO">Slept 2 seconds</msg>
<status status="PASS" starttime="20230714 16:01:34.933" endtime="20230714 16:01:36.939"/>
</kw>
<kw name="Click Element" library="Selenium2Library">
<arg>xpath=//*[@id="checkCases_No_${checkcaseno}"]/td[10]/div[3]/div/div[1]/button</arg>
<doc>Click the element identified by ``locator``.</doc>
<msg timestamp="20230714 16:01:36.949" level="INFO">Clicking element 'xpath=//*[@id="checkCases_No_531299128"]/td[10]/div[3]/div/div[1]/button'.</msg>
<status status="PASS" starttime="20230714 16:01:36.941" endtime="20230714 16:01:37.319"/>
</kw>
<kw name="Sleep" library="BuiltIn">
<arg>2s</arg>
<doc>Pauses the test executed for the given time.</doc>
<msg timestamp="20230714 16:01:39.326" level="INFO">Slept 2 seconds</msg>
<status status="PASS" starttime="20230714 16:01:37.323" endtime="20230714 16:01:39.328"/>
</kw>
<kw name="Run Keyword And Return Status" library="BuiltIn">
<var>${submitdesign}</var>
<arg>Page Should Contain Element</arg>
<arg>xpath=//*[@id="submit-design-modal"]/div[2]/div[2]/div[1]</arg>
<doc>Runs the given keyword with given arguments and returns the status as a Boolean value.</doc>
<kw name="Page Should Contain Element" library="Selenium2Library">
<arg>xpath=//*[@id="submit-design-modal"]/div[2]/div[2]/div[1]</arg>
<doc>Verifies that element ``locator`` is found on the current page.</doc>
<msg timestamp="20230714 16:01:39.367" level="INFO">Current page contains element 'xpath=//*[@id="submit-design-modal"]/div[2]/div[2]/div[1]'.</msg>
<status status="PASS" starttime="20230714 16:01:39.336" endtime="20230714 16:01:39.369"/>
</kw>
<msg timestamp="20230714 16:01:39.371" level="INFO">${submitdesign} = True</msg>
<status status="PASS" starttime="20230714 16:01:39.331" endtime="20230714 16:01:39.372"/>
</kw>
<kw name="Log To Console" library="BuiltIn">
<arg>${submitdesign}</arg>
<arg>upload design is visible.</arg>
<doc>Logs the given message to the console.</doc>
<status status="PASS" starttime="20230714 16:01:39.374" endtime="20230714 16:01:39.378"/>
</kw>
<if>
<branch type="IF" condition="${submitdesign} == ${true}">
<kw name="Choose File" library="Selenium2Library">
<arg>xpath=//*[@id="hiddeninput-cm"]</arg>
<arg>C:\\Users\\Nimbyx\\Documents\\Robot - framework\\Evident Automation\\Evident Design Test Automation/design1.jfif</arg>
<doc>Inputs the ``file_path`` into the file input field ``locator``.</doc>
<msg timestamp="20230714 16:01:39.392" level="INFO">Sending C:\Users\Nimbyx\Documents\Robot - framework\Evident Automation\Evident Design Test Automation\design1.jfif to browser.</msg>
<status status="PASS" starttime="20230714 16:01:39.386" endtime="20230714 16:01:39.607"/>
</kw>
<status status="PASS" starttime="20230714 16:01:39.382" endtime="20230714 16:01:39.609"/>
</branch>
<branch type="ELSE">
<kw name="Click Element" library="Selenium2Library">
<arg>xpath=//*[@id="checkCases_No_${checkcaseno}"]/td[10]/div[3]/div/div[1]/button</arg>
<doc>Click the element identified by ``locator``.</doc>
<status status="NOT RUN" starttime="20230714 16:01:39.613" endtime="20230714 16:01:39.616"/>
</kw>
<kw name="Choose File" library="Selenium2Library">
<arg>xpath=//*[@id="hiddeninput-cm"]</arg>
<arg>C:\\Users\\Nimbyx\\Documents\\Robot - framework\\Evident Automation\\Evident Design Test Automation/design1.jfif</arg>
<doc>Inputs the ``file_path`` into the file input field ``locator``.</doc>
<status status="NOT RUN" starttime="20230714 16:01:39.618" endtime="20230714 16:01:39.620"/>
</kw>
<status status="NOT RUN" starttime="20230714 16:01:39.610" endtime="20230714 16:01:39.621"/>
</branch>
<status status="PASS" starttime="20230714 16:01:39.382" endtime="20230714 16:01:39.622"/>
</if>
<kw name="Wait Until Element Is Visible" library="Selenium2Library">
<arg>class=remove_file.ng-scope</arg>
<arg>timeout=20s</arg>
<doc>Waits until the element ``locator`` is visible.</doc>
<status status="PASS" starttime="20230714 16:01:39.625" endtime="20230714 16:01:40.272"/>
</kw>
<kw name="Wait Until Element Is Enabled" library="Selenium2Library">
<arg>xpath=//*[@id="uia-btn-submit"]</arg>
<arg>timeout=20s</arg>
<doc>Waits until the element ``locator`` is enabled.</doc>
<status status="PASS" starttime="20230714 16:01:40.275" endtime="20230714 16:01:40.604"/>
</kw>
<kw name="Sleep" library="BuiltIn">
<arg>1s</arg>
<doc>Pauses the test executed for the given time.</doc>
<msg timestamp="20230714 16:01:41.609" level="INFO">Slept 1 second</msg>
<status status="PASS" starttime="20230714 16:01:40.606" endtime="20230714 16:01:41.610"/>
</kw>
<kw name="Click Element" library="Selenium2Library">
<arg>xpath=//*[@id="uia-btn-submit"]</arg>
<doc>Click the element identified by ``locator``.</doc>
<msg timestamp="20230714 16:01:41.619" level="INFO">Clicking element 'xpath=//*[@id="uia-btn-submit"]'.</msg>
<status status="PASS" starttime="20230714 16:01:41.613" endtime="20230714 16:01:41.813"/>
</kw>
<kw name="Sleep" library="BuiltIn">
<arg>2s</arg>
<doc>Pauses the test executed for the given time.</doc>
<msg timestamp="20230714 16:01:43.818" level="INFO">Slept 2 seconds</msg>
<status status="PASS" starttime="20230714 16:01:41.814" endtime="20230714 16:01:43.821"/>
</kw>
<kw name="Wait Until Element Is Visible" library="Selenium2Library">
<arg>xpath=//div[contains(text(), 'Your file(s) has been submitted.')]</arg>
<arg>timeout=20s</arg>
<doc>Waits until the element ``locator`` is visible.</doc>
<status status="PASS" starttime="20230714 16:01:43.823" endtime="20230714 16:01:43.885"/>
</kw>
<kw name="Click Element" library="Selenium2Library">
<arg>xpath=//*[@id="submit-design-modal"]/div[1]/img</arg>
<doc>Click the element identified by ``locator``.</doc>
<msg timestamp="20230714 16:01:43.893" level="INFO">Clicking element 'xpath=//*[@id="submit-design-modal"]/div[1]/img'.</msg>
<status status="PASS" starttime="20230714 16:01:43.887" endtime="20230714 16:01:44.114"/>
</kw>
<kw name="Reload Page" library="Selenium2Library">
<doc>Simulates user reloading page.</doc>
<status status="PASS" starttime="20230714 16:01:44.118" endtime="20230714 16:01:46.747"/>
</kw>
<kw name="Scroll to top" library="Globalkeywords">
<kw name="Execute Javascript" library="Selenium2Library">
<arg>window.scrollTo(0, 0)</arg>
<doc>Executes the given JavaScript code with possible arguments.</doc>
<msg timestamp="20230714 16:01:46.764" level="INFO">Executing JavaScript:
window.scrollTo(0, 0)
Without any arguments.</msg>
<status status="PASS" starttime="20230714 16:01:46.756" endtime="20230714 16:01:46.787"/>
</kw>
<status status="PASS" starttime="20230714 16:01:46.751" endtime="20230714 16:01:46.788"/>
</kw>
<kw name="Click Element" library="Selenium2Library">
<arg>xpath=//*[@id="uia-btn-completed"]/div</arg>
<doc>Click the element identified by ``locator``.</doc>
<msg timestamp="20230714 16:01:46.794" level="INFO">Clicking element 'xpath=//*[@id="uia-btn-completed"]/div'.</msg>
<status status="PASS" starttime="20230714 16:01:46.790" endtime="20230714 16:01:46.994"/>
</kw>
<kw name="Run Keyword And Return Status" library="BuiltIn">
<var>${casesucompleted}</var>
<arg>Page Should Contain</arg>
<arg>${checkcaseno}</arg>
<doc>Runs the given keyword with given arguments and returns the status as a Boolean value.</doc>
<kw name="Page Should Contain" library="Selenium2Library">
<arg>${checkcaseno}</arg>
<doc>Verifies that current page contains ``text``.</doc>
<msg timestamp="20230714 16:01:47.176" level="INFO">Current page contains text '531299128'.</msg>
<status status="PASS" starttime="20230714 16:01:47.005" endtime="20230714 16:01:47.178"/>
</kw>
<msg timestamp="20230714 16:01:47.181" level="INFO">${casesucompleted} = True</msg>
<status status="PASS" starttime="20230714 16:01:46.998" endtime="20230714 16:01:47.182"/>
</kw>
<kw name="Should Be True" library="BuiltIn">
<arg>${casesucompleted}</arg>
<doc>Fails if the given condition is not true.</doc>
<status status="PASS" starttime="20230714 16:01:47.184" endtime="20230714 16:01:47.187"/>
</kw>
<kw name="Log To Console" library="BuiltIn">
<arg>${casesucompleted} is completed</arg>
<doc>Logs the given message to the console.</doc>
<status status="PASS" starttime="20230714 16:01:47.189" endtime="20230714 16:01:47.193"/>
</kw>
<status status="PASS" starttime="20230714 16:00:51.180" endtime="20230714 16:01:47.197"/>
</kw>
<kw name="Logout designer account" library="Globalkeywords">
<kw name="Wait Until Element Is Visible" library="Selenium2Library">
<arg>xpath=//*[@id="single-button"]</arg>
<doc>Waits until the element ``locator`` is visible.</doc>
<status status="PASS" starttime="20230714 16:01:47.206" endtime="20230714 16:01:47.269"/>
</kw>
<kw name="Click Element" library="Selenium2Library">
<arg>xpath=//*[@id="single-button"]</arg>
<doc>Click the element identified by ``locator``.</doc>
<msg timestamp="20230714 16:01:47.277" level="INFO">Clicking element 'xpath=//*[@id="single-button"]'.</msg>
<status status="PASS" starttime="20230714 16:01:47.272" endtime="20230714 16:01:47.389"/>
</kw>
<kw name="Click Element" library="Selenium2Library">
<arg>xpath=//*[@id="ed-logout"]</arg>
<doc>Click the element identified by ``locator``.</doc>
<msg timestamp="20230714 16:01:47.398" level="INFO">Clicking element 'xpath=//*[@id="ed-logout"]'.</msg>
<status status="PASS" starttime="20230714 16:01:47.391" endtime="20230714 16:01:47.519"/>
</kw>
<status status="PASS" starttime="20230714 16:01:47.201" endtime="20230714 16:01:47.520"/>
</kw>
<kw name="Relogin lab account" library="Globalkeywords">
<kw name="Click Element" library="Selenium2Library">
<arg>xpath=//*[@id="login-in-page"]/div/div[2]/div/form/div[2]/button</arg>
<doc>Click the element identified by ``locator``.</doc>
<msg timestamp="20230714 16:01:47.534" level="INFO">Clicking element 'xpath=//*[@id="login-in-page"]/div/div[2]/div/form/div[2]/button'.</msg>
<status status="PASS" starttime="20230714 16:01:47.527" endtime="20230714 16:01:50.935"/>
</kw>
<kw name="Input Text" library="Selenium2Library">
<arg>xpath=//*[@id="UserName"]</arg>
<arg>${username}</arg>
<doc>Types the given ``text`` into the text field identified by ``locator``.</doc>
<msg timestamp="20230714 16:01:50.943" level="INFO">Typing text 'labtestautomation@getnada.com' into text field 'xpath=//*[@id="UserName"]'.</msg>
<status status="PASS" starttime="20230714 16:01:50.938" endtime="20230714 16:01:51.242"/>
</kw>
<kw name="Input Text" library="Selenium2Library">
<arg>xpath=//*[@id="Password"]</arg>
<arg>${password}</arg>
<doc>Types the given ``text`` into the text field identified by ``locator``.</doc>
<msg timestamp="20230714 16:01:51.251" level="INFO">Typing text 'P@ssword1' into text field 'xpath=//*[@id="Password"]'.</msg>
<status status="PASS" starttime="20230714 16:01:51.244" endtime="20230714 16:01:51.437"/>
</kw>
<kw name="Click Element" library="Selenium2Library">
<arg>xpath=//*[@id="sso-login"]/form/input[5]</arg>
<doc>Click the element identified by ``locator``.</doc>
<msg timestamp="20230714 16:01:51.444" level="INFO">Clicking element 'xpath=//*[@id="sso-login"]/form/input[5]'.</msg>
<status status="PASS" starttime="20230714 16:01:51.439" endtime="20230714 16:01:53.137"/>
</kw>
<status status="PASS" starttime="20230714 16:01:47.522" endtime="20230714 16:01:53.139"/>
</kw>
<kw name="Search the completed case" library="Globalkeywords">
<arg>${casenumber}</arg>
<kw name="Sleep" library="BuiltIn">
<arg>5s</arg>
<doc>Pauses the test executed for the given time.</doc>
<msg timestamp="20230714 16:01:58.152" level="INFO">Slept 5 seconds</msg>
<status status="PASS" starttime="20230714 16:01:53.149" endtime="20230714 16:01:58.154"/>
</kw>
<kw name="Click Element" library="Selenium2Library">
<arg>xpath=//*[@id="ed-completed-filter"]</arg>
<doc>Click the element identified by ``locator``.</doc>
<msg timestamp="20230714 16:01:58.163" level="INFO">Clicking element 'xpath=//*[@id="ed-completed-filter"]'.</msg>
<status status="PASS" starttime="20230714 16:01:58.155" endtime="20230714 16:01:58.364"/>
</kw>
<kw name="Run Keyword And Return Status" library="BuiltIn">
<var>${casecompleted}</var>
<arg>Page Should Contain Element</arg>
<arg>xpath=//*[@id="checkCases_No_${completedcase}"]/td[2]/div[1]/p[1]</arg>
<doc>Runs the given keyword with given arguments and returns the status as a Boolean value.</doc>
<kw name="Page Should Contain Element" library="Selenium2Library">
<arg>xpath=//*[@id="checkCases_No_${completedcase}"]/td[2]/div[1]/p[1]</arg>
<doc>Verifies that element ``locator`` is found on the current page.</doc>
<msg timestamp="20230714 16:01:59.024" level="INFO">Current page contains element 'xpath=//*[@id="checkCases_No_531299128"]/td[2]/div[1]/p[1]'.</msg>
<status status="PASS" starttime="20230714 16:01:58.370" endtime="20230714 16:01:59.025"/>
</kw>
<msg timestamp="20230714 16:01:59.028" level="INFO">${casecompleted} = True</msg>
<status status="PASS" starttime="20230714 16:01:58.367" endtime="20230714 16:01:59.030"/>
</kw>
<kw name="Should Be True" library="BuiltIn">
<arg>${casecompleted}</arg>
<doc>Fails if the given condition is not true.</doc>
<status status="PASS" starttime="20230714 16:01:59.032" endtime="20230714 16:01:59.036"/>
</kw>
<status status="PASS" starttime="20230714 16:01:53.142" endtime="20230714 16:01:59.038"/>
</kw>
<kw name="download the design file" library="Globalkeywords">
<arg>${casenumber}</arg>
<kw name="Scroll Element Into View" library="Selenium2Library">
<arg>xpath=//*[@id="ed-download-case-attachment"]</arg>
<doc>Scrolls the element identified by ``locator`` into view.</doc>
<status status="PASS" starttime="20230714 16:01:59.048" endtime="20230714 16:01:59.377"/>
</kw>
<kw name="Click Element" library="Selenium2Library">
<arg>xpath=//*[@id="checkCases_No_${completedcase}"]/td[7]/div[3]/div[2]/div[1]/button[contains(text(), 'Download file(s)')]</arg>
<doc>Click the element identified by ``locator``.</doc>
<msg timestamp="20230714 16:01:59.388" level="INFO">Clicking element 'xpath=//*[@id="checkCases_No_531299128"]/td[7]/div[3]/div[2]/div[1]/button[contains(text(), 'Download file(s)')]'.</msg>
<status status="PASS" starttime="20230714 16:01:59.381" endtime="20230714 16:01:59.571"/>
</kw>
<kw name="Wait Until Element Is Visible" library="Selenium2Library">
<arg>xpath=//*[@id="checkCases_No_${completedcase}"]/td[7]/div[3]/div[2]/div[1]/button[contains(text(), 'Download again')]</arg>
<arg>timeout=20s</arg>
<doc>Waits until the element ``locator`` is visible.</doc>
<status status="PASS" starttime="20230714 16:01:59.573" endtime="20230714 16:02:06.124"/>
</kw>
<status status="PASS" starttime="20230714 16:01:59.041" endtime="20230714 16:02:06.127"/>
</kw>
<kw name="Check if element is removed from Not yet completed" library="Globalkeywords">
<arg>${casenumber}</arg>
<kw name="Reload Page" library="Selenium2Library">
<doc>Simulates user reloading page.</doc>
<status status="PASS" starttime="20230714 16:02:06.139" endtime="20230714 16:02:06.979"/>
</kw>
<kw name="Sleep" library="BuiltIn">
<arg>3s</arg>
<doc>Pauses the test executed for the given time.</doc>
<msg timestamp="20230714 16:02:09.985" level="INFO">Slept 3 seconds</msg>
<status status="PASS" starttime="20230714 16:02:06.982" endtime="20230714 16:02:09.986"/>
</kw>
<kw name="Scroll to top" library="Globalkeywords">
<kw name="Execute Javascript" library="Selenium2Library">
<arg>window.scrollTo(0, 0)</arg>
<doc>Executes the given JavaScript code with possible arguments.</doc>
<msg timestamp="20230714 16:02:10.000" level="INFO">Executing JavaScript:
window.scrollTo(0, 0)
Without any arguments.</msg>
<status status="PASS" starttime="20230714 16:02:09.993" endtime="20230714 16:02:10.019"/>
</kw>
<status status="PASS" starttime="20230714 16:02:09.988" endtime="20230714 16:02:10.021"/>
</kw>
<kw name="Click Element" library="Selenium2Library">
<arg>xpath=//*[@id="ed-completed-not-downloaded-filter"]</arg>
<doc>Click the element identified by ``locator``.</doc>
<msg timestamp="20230714 16:02:10.028" level="INFO">Clicking element 'xpath=//*[@id="ed-completed-not-downloaded-filter"]'.</msg>
<status status="PASS" starttime="20230714 16:02:10.023" endtime="20230714 16:02:10.185"/>
</kw>
<kw name="Sleep" library="BuiltIn">
<arg>3s</arg>
<doc>Pauses the test executed for the given time.</doc>
<msg timestamp="20230714 16:02:13.192" level="INFO">Slept 3 seconds</msg>
<status status="PASS" starttime="20230714 16:02:10.187" endtime="20230714 16:02:13.194"/>
</kw>
<kw name="Run Keyword And Return Status" library="BuiltIn">
<var>${caseremoved}</var>
<arg>Page Should Contain Element</arg>
<arg>xpath=//*[@id="checkCases_No_${casenumber}"]/td[2]</arg>
<doc>Runs the given keyword with given arguments and returns the status as a Boolean value.</doc>
<kw name="Page Should Contain Element" library="Selenium2Library">
<arg>xpath=//*[@id="checkCases_No_${casenumber}"]/td[2]</arg>
<doc>Verifies that element ``locator`` is found on the current page.</doc>
<msg timestamp="20230714 16:02:33.850" level="INFO" html="true">&lt;/td&gt;&lt;/tr&gt;&lt;tr&gt;&lt;td colspan="3"&gt;&lt;a href="selenium-screenshot-71.png"&gt;&lt;img src="selenium-screenshot-71.png" width="800px"&gt;&lt;/a&gt;</msg>
<msg timestamp="20230714 16:02:33.852" level="FAIL">Page should have contained element 'xpath=//*[@id="checkCases_No_531299128"]/td[2]' but did not.</msg>
<status status="FAIL" starttime="20230714 16:02:13.201" endtime="20230714 16:02:33.873"/>
</kw>
<msg timestamp="20230714 16:02:33.876" level="INFO">${caseremoved} = False</msg>
<status status="PASS" starttime="20230714 16:02:13.197" endtime="20230714 16:02:33.878"/>
</kw>
<kw name="Should Not Be True" library="BuiltIn">
<arg>${caseremoved}</arg>
<doc>Fails if the given condition is true.</doc>
<status status="PASS" starttime="20230714 16:02:33.880" endtime="20230714 16:02:33.884"/>
</kw>
<kw name="Log To Console" library="BuiltIn">
<arg>${caseremoved} is successfully removed from Not yet downloaded</arg>
<doc>Logs the given message to the console.</doc>
<status status="PASS" starttime="20230714 16:02:33.885" endtime="20230714 16:02:33.891"/>
</kw>
<status status="PASS" starttime="20230714 16:02:06.134" endtime="20230714 16:02:33.893"/>
</kw>
<kw name="Log To Console" library="BuiltIn">
<arg>${casenumber}- Done End to End Automation of Test Scenario 1</arg>
<doc>Logs the given message to the console.</doc>
<status status="PASS" starttime="20230714 16:02:33.897" endtime="20230714 16:02:33.903"/>
</kw>
<status status="PASS" starttime="20230714 15:59:54.801" endtime="20230714 16:02:33.908"/>
</test>
<test id="s1-t2" name="Test Scenario #2 Lab Submit multiple cases" line="62">
<kw name="Go to evident staging" library="Globalkeywords">
<kw name="Open Browser" library="Selenium2Library">
<arg>${Url}</arg>
<arg>${browser}</arg>
<doc>Opens a new browser instance to the optional ``url``.</doc>
<msg timestamp="20230714 16:02:33.942" level="INFO">Opening browser 'edge' to base url 'https://stagingevidentdigital.xyz/'.</msg>
<msg timestamp="20230714 16:02:33.979" level="INFO">Applicable driver not found; attempting to install with Selenium Manager (Beta)</msg>
<status status="PASS" starttime="20230714 16:02:33.934" endtime="20230714 16:02:42.180"/>
</kw>
<kw name="Set Browser Implicit Wait" library="Selenium2Library">
<arg>20s</arg>
<doc>Sets the implicit wait value used by Selenium.</doc>
<status status="PASS" starttime="20230714 16:02:42.182" endtime="20230714 16:02:42.192"/>
</kw>
<kw name="Maximize Browser Window" library="Selenium2Library">
<doc>Maximizes current browser window.</doc>
<status status="PASS" starttime="20230714 16:02:42.195" endtime="20230714 16:02:42.336"/>
</kw>
<status status="PASS" starttime="20230714 16:02:33.928" endtime="20230714 16:02:42.338"/>
</kw>
<kw name="Login lab account" library="Globalkeywords">
<kw name="Click Element" library="Selenium2Library">
<arg>xpath=/html/body/div[1]/div[1]/div/div[2]/div[3]/div/div/a</arg>
<doc>Click the element identified by ``locator``.</doc>
<msg timestamp="20230714 16:02:42.351" level="INFO">Clicking element 'xpath=/html/body/div[1]/div[1]/div/div[2]/div[3]/div/div/a'.</msg>
<status status="PASS" starttime="20230714 16:02:42.346" endtime="20230714 16:02:44.282"/>
</kw>
<kw name="Input Text" library="Selenium2Library">
<arg>xpath=//*[@id="UserName"]</arg>
<arg>${username}</arg>
<doc>Types the given ``text`` into the text field identified by ``locator``.</doc>
<msg timestamp="20230714 16:02:44.295" level="INFO">Typing text 'labtestautomation@getnada.com' into text field 'xpath=//*[@id="UserName"]'.</msg>
<status status="PASS" starttime="20230714 16:02:44.286" endtime="20230714 16:02:44.502"/>
</kw>
<kw name="Input Text" library="Selenium2Library">
<arg>xpath=//*[@id="Password"]</arg>
<arg>${password}</arg>
<doc>Types the given ``text`` into the text field identified by ``locator``.</doc>
<msg timestamp="20230714 16:02:44.509" level="INFO">Typing text 'P@ssword1' into text field 'xpath=//*[@id="Password"]'.</msg>
<status status="PASS" starttime="20230714 16:02:44.504" endtime="20230714 16:02:44.695"/>
</kw>
<kw name="Click Element" library="Selenium2Library">
<arg>xpath=//*[@id="sso-login"]/form/input[5]</arg>
<doc>Click the element identified by ``locator``.</doc>
<msg timestamp="20230714 16:02:44.702" level="INFO">Clicking element 'xpath=//*[@id="sso-login"]/form/input[5]'.</msg>
<status status="PASS" starttime="20230714 16:02:44.697" endtime="20230714 16:02:48.610"/>
</kw>
<status status="PASS" starttime="20230714 16:02:42.340" endtime="20230714 16:02:48.612"/>
</kw>
<kw name="Wait Until Element Is Visible" library="Selenium2Library">
<arg>xpath=//*[@id="search-input-cases"]</arg>
<arg>timeout=200s</arg>
<doc>Waits until the element ``locator`` is visible.</doc>
<status status="PASS" starttime="20230714 16:02:48.616" endtime="20230714 16:02:53.027"/>
</kw>
<kw name="Upload multiple files" library="Globalkeywords">
<kw name="Wait Until Element Is Visible" library="Selenium2Library">
<arg>xpath=//*[@id="case-management-page"]/div[2]/div[2]/div[2]</arg>
<doc>Waits until the element ``locator`` is visible.</doc>
<status status="PASS" starttime="20230714 16:02:53.035" endtime="20230714 16:02:53.094"/>
</kw>
<kw name="Choose File" library="Selenium2Library">
<arg>xpath=//*[@id="hiddeninput-cm"]</arg>
<arg>C:\\Users\\Nimbyx\\Documents\\Robot - framework\\Evident Automation\\Evident Design Test Automation/multi1.jfif \n C:\\Users\\Nimbyx\\Documents\\Robot - framework\\Evident Automation\\Evident Design Test Automation/multi2.jfif \n C:\\Users\\Nimbyx\\Documents\\Robot - framework\\Evident Automation\\Evident Design Test Automation/multi3.jfif</arg>
<doc>Inputs the ``file_path`` into the file input field ``locator``.</doc>
<msg timestamp="20230714 16:02:53.102" level="INFO">Sending C:\Users\Nimbyx\Documents\Robot - framework\Evident Automation\Evident Design Test Automation\multi1.jfif 
 C:\Users\Nimbyx\Documents\Robot - framework\Evident Automation\Evident Design Test Automation\multi2.jfif 
 C:\Users\Nimbyx\Documents\Robot - framework\Evident Automation\Evident Design Test Automation\multi3.jfif to browser.</msg>
<status status="PASS" starttime="20230714 16:02:53.096" endtime="20230714 16:02:53.259"/>
</kw>
<kw name="Sleep" library="BuiltIn">
<arg>10s</arg>
<doc>Pauses the test executed for the given time.</doc>
<msg timestamp="20230714 16:03:03.265" level="INFO">Slept 10 seconds</msg>
<status status="PASS" starttime="20230714 16:02:53.261" endtime="20230714 16:03:03.267"/>
</kw>
<status status="PASS" starttime="20230714 16:02:53.030" endtime="20230714 16:03:03.269"/>
</kw>
<kw name=" close support pop up modal" library="Globalkeywords">
<kw name="Run Keyword And Return Status" library="BuiltIn">
<var>${supportpop1}</var>
<arg>Page Should Contain Element</arg>
<arg>xpath=//*[@id="hubspot-conversations-iframe"]</arg>
<arg>timeout=10s</arg>
<doc>Runs the given keyword with given arguments and returns the status as a Boolean value.</doc>
<kw name="Page Should Contain Element" library="Selenium2Library">
<arg>xpath=//*[@id="hubspot-conversations-iframe"]</arg>
<arg>timeout=10s</arg>
<doc>Verifies that element ``locator`` is found on the current page.</doc>
<msg timestamp="20230714 16:03:03.336" level="INFO">Current page contains element 'xpath=//*[@id="hubspot-conversations-iframe"]'.</msg>
<status status="PASS" starttime="20230714 16:03:03.280" endtime="20230714 16:03:03.338"/>
</kw>
<msg timestamp="20230714 16:03:03.340" level="INFO">${supportpop1} = True</msg>
<status status="PASS" starttime="20230714 16:03:03.277" endtime="20230714 16:03:03.341"/>
</kw>
<if>
<branch type="IF" condition="${supportpop1} == ${True}">
<kw name="Select Frame" library="Selenium2Library">
<arg>xpath=//*[@id="hubspot-conversations-iframe"]</arg>
<doc>Sets frame identified by ``locator`` as the current frame.</doc>
<msg timestamp="20230714 16:03:03.353" level="INFO">Selecting frame 'xpath=//*[@id="hubspot-conversations-iframe"]'.</msg>
<status status="PASS" starttime="20230714 16:03:03.347" endtime="20230714 16:03:03.446"/>
</kw>
<kw name="Run Keyword And Return Status" library="BuiltIn">
<var>${supportpop}</var>
<arg>Page Should Contain Element</arg>
<arg>xpath=//*[@id="welcome-message"]</arg>
<doc>Runs the given keyword with given arguments and returns the status as a Boolean value.</doc>
<kw name="Page Should Contain Element" library="Selenium2Library">
<arg>xpath=//*[@id="welcome-message"]</arg>
<doc>Verifies that element ``locator`` is found on the current page.</doc>
<msg timestamp="20230714 16:03:03.485" level="INFO">Current page contains element 'xpath=//*[@id="welcome-message"]'.</msg>
<status status="PASS" starttime="20230714 16:03:03.452" endtime="20230714 16:03:03.488"/>
</kw>
<msg timestamp="20230714 16:03:03.490" level="INFO">${supportpop} = True</msg>
<status status="PASS" starttime="20230714 16:03:03.448" endtime="20230714 16:03:03.491"/>
</kw>
<kw name="Log To Console" library="BuiltIn">
<arg>${supportpop}</arg>
<doc>Logs the given message to the console.</doc>
<status status="PASS" starttime="20230714 16:03:03.493" endtime="20230714 16:03:03.497"/>
</kw>
<if>
<branch type="IF" condition="${supportpop} == ${True}">
<kw name="Click Element" library="Selenium2Library">
<arg>xpath=//*[@id="welcome-message"]</arg>
<doc>Click the element identified by ``locator``.</doc>
<msg timestamp="20230714 16:03:03.509" level="INFO">Clicking element 'xpath=//*[@id="welcome-message"]'.</msg>
<status status="PASS" starttime="20230714 16:03:03.504" endtime="20230714 16:03:03.716"/>
</kw>
<kw name="Sleep" library="BuiltIn">
<arg>0.5s</arg>
<doc>Pauses the test executed for the given time.</doc>
<msg timestamp="20230714 16:03:04.223" level="INFO">Slept 500 milliseconds</msg>
<status status="PASS" starttime="20230714 16:03:03.719" endtime="20230714 16:03:04.225"/>
</kw>
<kw name="Click Element" library="Selenium2Library">
<arg>xpath=/html/body/div[2]/div[1]/div/span[3]/span/div/button</arg>
<doc>Click the element identified by ``locator``.</doc>
<msg timestamp="20230714 16:03:04.233" level="INFO">Clicking element 'xpath=/html/body/div[2]/div[1]/div/span[3]/span/div/button'.</msg>
<status status="PASS" starttime="20230714 16:03:04.228" endtime="20230714 16:03:04.477"/>
</kw>
<kw name="Unselect Frame" library="Selenium2Library">
<doc>Sets the main frame as the current frame.</doc>
<status status="PASS" starttime="20230714 16:03:04.480" endtime="20230714 16:03:04.495"/>
</kw>
<kw name="Sleep" library="BuiltIn">
<arg>1s</arg>
<doc>Pauses the test executed for the given time.</doc>
<msg timestamp="20230714 16:03:05.500" level="INFO">Slept 1 second</msg>
<status status="PASS" starttime="20230714 16:03:04.497" endtime="20230714 16:03:05.502"/>
</kw>
<status status="PASS" starttime="20230714 16:03:03.500" endtime="20230714 16:03:05.504"/>
</branch>
<branch type="ELSE">
<kw name="Unselect Frame" library="Selenium2Library">
<doc>Sets the main frame as the current frame.</doc>
<status status="NOT RUN" starttime="20230714 16:03:05.509" endtime="20230714 16:03:05.510"/>
</kw>
<status status="NOT RUN" starttime="20230714 16:03:05.507" endtime="20230714 16:03:05.511"/>
</branch>
<status status="PASS" starttime="20230714 16:03:03.499" endtime="20230714 16:03:05.513"/>
</if>
<status status="PASS" starttime="20230714 16:03:03.342" endtime="20230714 16:03:05.513"/>
</branch>
<branch type="ELSE">
<kw name="Unselect Frame" library="Selenium2Library">
<doc>Sets the main frame as the current frame.</doc>
<status status="NOT RUN" starttime="20230714 16:03:05.516" endtime="20230714 16:03:05.518"/>
</kw>
<status status="NOT RUN" starttime="20230714 16:03:05.514" endtime="20230714 16:03:05.520"/>
</branch>
<status status="PASS" starttime="20230714 16:03:03.342" endtime="20230714 16:03:05.523"/>
</if>
<status status="PASS" starttime="20230714 16:03:03.273" endtime="20230714 16:03:05.524"/>
</kw>
<kw name="submit multiple files" library="Globalkeywords">
<kw name="Get WebElements" library="Selenium2Library">
<var>${elements}</var>
<arg>xpath=//*[@id="uia-draft-file-table-rows"]</arg>
<doc>Returns a list of WebElement objects matching the ``locator``.</doc>
<msg timestamp="20230714 16:03:05.584" level="INFO">${elements} = [&lt;selenium.webdriver.remote.webelement.WebElement (session="82332348d6a5bf3fe9fc9cc4d516de29", element="C3AE618CD8D9948D095F42DC9914997B_element_80")&gt;, &lt;selenium.webdriver.remote.webelement.WebElement...</msg>
<status status="PASS" starttime="20230714 16:03:05.532" endtime="20230714 16:03:05.585"/>
</kw>
<kw name="Get Length" library="BuiltIn">
<var>${length}</var>
<arg>${elements}</arg>
<doc>Returns and logs the length of the given item as an integer.</doc>
<msg timestamp="20230714 16:03:05.591" level="INFO">Length is 25</msg>
<msg timestamp="20230714 16:03:05.593" level="INFO">${length} = 25</msg>
<status status="PASS" starttime="20230714 16:03:05.588" endtime="20230714 16:03:05.594"/>
</kw>
<kw name="Evaluate" library="BuiltIn">
<var>${1_uploaded}</var>
<arg>${length} - 3</arg>
<doc>Evaluates the given expression in Python and returns the result.</doc>
<msg timestamp="20230714 16:03:05.601" level="INFO">${1_uploaded} = 22</msg>
<status status="PASS" starttime="20230714 16:03:05.596" endtime="20230714 16:03:05.603"/>
</kw>
<kw name="Evaluate" library="BuiltIn">
<var>${2_uploaded}</var>
<arg>${length} - 2</arg>
<doc>Evaluates the given expression in Python and returns the result.</doc>
<msg timestamp="20230714 16:03:05.610" level="INFO">${2_uploaded} = 23</msg>
<status status="PASS" starttime="20230714 16:03:05.606" endtime="20230714 16:03:05.611"/>
</kw>
<kw name="Evaluate" library="BuiltIn">
<var>${3_uploaded}</var>
<arg>${length} - 1</arg>
<doc>Evaluates the given expression in Python and returns the result.</doc>
<msg timestamp="20230714 16:03:05.620" level="INFO">${3_uploaded} = 24</msg>
<status status="PASS" starttime="20230714 16:03:05.614" endtime="20230714 16:03:05.621"/>
</kw>
<kw name="Evaluate" library="BuiltIn">
<var>${design_dropdown1}</var>
<arg>${1_uploaded} + 1</arg>
<doc>Evaluates the given expression in Python and returns the result.</doc>
<msg timestamp="20230714 16:03:05.627" level="INFO">${design_dropdown1} = 23</msg>
<status status="PASS" starttime="20230714 16:03:05.624" endtime="20230714 16:03:05.629"/>
</kw>
<kw name="Evaluate" library="BuiltIn">
<var>${design_dropdown2}</var>
<arg>${2_uploaded} + 1</arg>
<doc>Evaluates the given expression in Python and returns the result.</doc>
<msg timestamp="20230714 16:03:05.637" level="INFO">${design_dropdown2} = 24</msg>
<status status="PASS" starttime="20230714 16:03:05.632" endtime="20230714 16:03:05.638"/>
</kw>
<kw name="Evaluate" library="BuiltIn">
<var>${design_dropdown3}</var>
<arg>${3_uploaded} + 1</arg>
<doc>Evaluates the given expression in Python and returns the result.</doc>
<msg timestamp="20230714 16:03:05.646" level="INFO">${design_dropdown3} = 25</msg>
<status status="PASS" starttime="20230714 16:03:05.640" endtime="20230714 16:03:05.648"/>
</kw>
<kw name="Click Element" library="Selenium2Library">
<arg>xpath=//*[@id="uia-draft-file-table-column-checkbox-${1_uploaded}"]/div[1]</arg>
<doc>Click the element identified by ``locator``.</doc>
<msg timestamp="20230714 16:03:05.656" level="INFO">Clicking element 'xpath=//*[@id="uia-draft-file-table-column-checkbox-22"]/div[1]'.</msg>
<status status="PASS" starttime="20230714 16:03:05.650" endtime="20230714 16:03:05.949"/>
</kw>
<kw name="Click Element" library="Selenium2Library">
<arg>xpath=//*[@id="uia-draft-file-table-column-checkbox-${2_uploaded}"]/div[1]</arg>
<doc>Click the element identified by ``locator``.</doc>
<msg timestamp="20230714 16:03:05.961" level="INFO">Clicking element 'xpath=//*[@id="uia-draft-file-table-column-checkbox-23"]/div[1]'.</msg>
<status status="PASS" starttime="20230714 16:03:05.952" endtime="20230714 16:03:06.344"/>
</kw>
<kw name="Click Element" library="Selenium2Library">
<arg>xpath=//*[@id="uia-draft-file-table-column-checkbox-${3_uploaded}"]/div[1]</arg>
<doc>Click the element identified by ``locator``.</doc>
<msg timestamp="20230714 16:03:06.353" level="INFO">Clicking element 'xpath=//*[@id="uia-draft-file-table-column-checkbox-24"]/div[1]'.</msg>
<status status="PASS" starttime="20230714 16:03:06.347" endtime="20230714 16:03:06.799"/>
</kw>
<kw name="Click Element" library="Selenium2Library">
<arg>xpath=//*[@id="select-design-type-${1_uploaded}-0"]</arg>
<doc>Click the element identified by ``locator``.</doc>
<msg timestamp="20230714 16:03:06.809" level="INFO">Clicking element 'xpath=//*[@id="select-design-type-22-0"]'.</msg>
<status status="PASS" starttime="20230714 16:03:06.801" endtime="20230714 16:03:07.119"/>
</kw>
<kw name="Click Element" library="Selenium2Library">
<arg>xpath=/html/body/div[1]/div/div/create-case-modal/div/div[1]/div[5]/table/tbody/tr[${design_dropdown1}]/td[3]/table/tbody/tr/td[2]/div[2]/div/div[2]/p</arg>
<doc>Click the element identified by ``locator``.</doc>
<msg timestamp="20230714 16:03:07.128" level="INFO">Clicking element 'xpath=/html/body/div[1]/div/div/create-case-modal/div/div[1]/div[5]/table/tbody/tr[23]/td[3]/table/tbody/tr/td[2]/div[2]/div/div[2]/p'.</msg>
<status status="PASS" starttime="20230714 16:03:07.122" endtime="20230714 16:03:07.520"/>
</kw>
<kw name="Click Element" library="Selenium2Library">
<arg>xpath=//*[@id="checkbox-crown-and-bridge-${1_uploaded}-0-0"]/div[1]</arg>
<doc>Click the element identified by ``locator``.</doc>
<msg timestamp="20230714 16:03:07.528" level="INFO">Clicking element 'xpath=//*[@id="checkbox-crown-and-bridge-22-0-0"]/div[1]'.</msg>
<status status="PASS" starttime="20230714 16:03:07.523" endtime="20230714 16:03:07.827"/>
</kw>
<kw name="Click Element" library="Selenium2Library">
<arg>xpath=//*[@id="instruction-${1_uploaded}"]</arg>
<doc>Click the element identified by ``locator``.</doc>
<msg timestamp="20230714 16:03:07.836" level="INFO">Clicking element 'xpath=//*[@id="instruction-22"]'.</msg>
<status status="PASS" starttime="20230714 16:03:07.829" endtime="20230714 16:03:08.195"/>
</kw>
<kw name="Input Text" library="Selenium2Library">
<arg>xpath=//*[@id="units-${1_uploaded}-0"]</arg>
<arg>1</arg>
<doc>Types the given ``text`` into the text field identified by ``locator``.</doc>
<msg timestamp="20230714 16:03:08.204" level="INFO">Typing text '1' into text field 'xpath=//*[@id="units-22-0"]'.</msg>
<status status="PASS" starttime="20230714 16:03:08.198" endtime="20230714 16:03:08.610"/>
</kw>
<kw name="Select From List By Label" library="Selenium2Library">
<arg>xpath=//*[@id="position-${1_uploaded}-0"]</arg>
<arg>Anterior</arg>
<doc>Selects options from selection list ``locator`` by ``labels``.</doc>
<msg timestamp="20230714 16:03:08.618" level="INFO">Selecting options from selection list 'xpath=//*[@id="position-22-0"]' by label Anterior.</msg>
<status status="PASS" starttime="20230714 16:03:08.612" endtime="20230714 16:03:08.911"/>
</kw>
<kw name="Select From List By Label" library="Selenium2Library">
<arg>xpath=//*[@id="scannerType-${1_uploaded}"]</arg>
<arg>3Shape</arg>
<doc>Selects options from selection list ``locator`` by ``labels``.</doc>
<msg timestamp="20230714 16:03:08.920" level="INFO">Selecting options from selection list 'xpath=//*[@id="scannerType-22"]' by label 3Shape.</msg>
<status status="PASS" starttime="20230714 16:03:08.913" endtime="20230714 16:03:09.064"/>
</kw>
<kw name="Input Text" library="Selenium2Library">
<arg>xpath=//*[@id="instruction-${1_uploaded}"]</arg>
<arg>first file</arg>
<doc>Types the given ``text`` into the text field identified by ``locator``.</doc>
<msg timestamp="20230714 16:03:09.074" level="INFO">Typing text 'first file' into text field 'xpath=//*[@id="instruction-22"]'.</msg>
<status status="PASS" starttime="20230714 16:03:09.066" endtime="20230714 16:03:09.787"/>
</kw>
<kw name="Click Element" library="Selenium2Library">
<arg>xpath=//*[@id="select-design-type-${2_uploaded}-0"]</arg>
<doc>Click the element identified by ``locator``.</doc>
<msg timestamp="20230714 16:03:09.796" level="INFO">Clicking element 'xpath=//*[@id="select-design-type-23-0"]'.</msg>
<status status="PASS" starttime="20230714 16:03:09.790" endtime="20230714 16:03:09.984"/>
</kw>
<kw name="Click Element" library="Selenium2Library">
<arg>xpath=/html/body/div[1]/div/div/create-case-modal/div/div[1]/div[5]/table/tbody/tr[${design_dropdown2}]/td[3]/table/tbody/tr/td[2]/div[2]/div/div[2]/p</arg>
<doc>Click the element identified by ``locator``.</doc>
<msg timestamp="20230714 16:03:09.994" level="INFO">Clicking element 'xpath=/html/body/div[1]/div/div/create-case-modal/div/div[1]/div[5]/table/tbody/tr[24]/td[3]/table/tbody/tr/td[2]/div[2]/div/div[2]/p'.</msg>
<status status="PASS" starttime="20230714 16:03:09.987" endtime="20230714 16:03:10.307"/>
</kw>
<kw name="Click Element" library="Selenium2Library">
[...]
<doc>Runs the given keyword with given arguments and returns the status as a Boolean value.</doc>
<kw name="Page Should Contain" library="Selenium2Library">
<arg>${checkcaseno2}</arg>
<doc>Verifies that current page contains ``text``.</doc>
<msg timestamp="20230714 16:20:07.568" level="INFO">Current page contains text '801299140'.</msg>
<status status="PASS" starttime="20230714 16:20:07.517" endtime="20230714 16:20:07.569"/>
</kw>
<msg timestamp="20230714 16:20:07.571" level="INFO">${casesucompleted2} = True</msg>
<status status="PASS" starttime="20230714 16:20:07.514" endtime="20230714 16:20:07.571"/>
</kw>
<kw name="Run Keyword And Return Status" library="BuiltIn">
<var>${casesucompleted3}</var>
<arg>Page Should Contain</arg>
<arg>${Checkcaseno3}</arg>
<doc>Runs the given keyword with given arguments and returns the status as a Boolean value.</doc>
<kw name="Page Should Contain" library="Selenium2Library">
<arg>${Checkcaseno3}</arg>
<doc>Verifies that current page contains ``text``.</doc>
<msg timestamp="20230714 16:20:07.621" level="INFO">Current page contains text '371299139'.</msg>
<status status="PASS" starttime="20230714 16:20:07.577" endtime="20230714 16:20:07.622"/>
</kw>
<msg timestamp="20230714 16:20:07.625" level="INFO">${casesucompleted3} = True</msg>
<status status="PASS" starttime="20230714 16:20:07.573" endtime="20230714 16:20:07.626"/>
</kw>
<kw name="Should Be True" library="BuiltIn">
<arg>${casesucompleted1}</arg>
<doc>Fails if the given condition is not true.</doc>
<status status="PASS" starttime="20230714 16:20:07.628" endtime="20230714 16:20:07.630"/>
</kw>
<kw name="Should Be True" library="BuiltIn">
<arg>${casesucompleted2}</arg>
<doc>Fails if the given condition is not true.</doc>
<status status="PASS" starttime="20230714 16:20:07.632" endtime="20230714 16:20:07.635"/>
</kw>
<kw name="Should Be True" library="BuiltIn">
<arg>${casesucompleted3}</arg>
<doc>Fails if the given condition is not true.</doc>
<status status="PASS" starttime="20230714 16:20:07.637" endtime="20230714 16:20:07.641"/>
</kw>
<kw name="Log To Console" library="BuiltIn">
<arg>${casesucompleted1},${casesucompleted2} and ${casesucompleted3} are completed</arg>
<doc>Logs the given message to the console.</doc>
<status status="PASS" starttime="20230714 16:20:07.643" endtime="20230714 16:20:07.647"/>
</kw>
<status status="PASS" starttime="20230714 16:18:16.104" endtime="20230714 16:20:07.649"/>
</kw>
<kw name="Logout designer account" library="Globalkeywords">
<kw name="Wait Until Element Is Visible" library="Selenium2Library">
<arg>xpath=//*[@id="single-button"]</arg>
<doc>Waits until the element ``locator`` is visible.</doc>
<status status="PASS" starttime="20230714 16:20:07.654" endtime="20230714 16:20:07.705"/>
</kw>
<kw name="Click Element" library="Selenium2Library">
<arg>xpath=//*[@id="single-button"]</arg>
<doc>Click the element identified by ``locator``.</doc>
<msg timestamp="20230714 16:20:07.712" level="INFO">Clicking element 'xpath=//*[@id="single-button"]'.</msg>
<status status="PASS" starttime="20230714 16:20:07.707" endtime="20230714 16:20:07.821"/>
</kw>
<kw name="Click Element" library="Selenium2Library">
<arg>xpath=//*[@id="ed-logout"]</arg>
<doc>Click the element identified by ``locator``.</doc>
<msg timestamp="20230714 16:20:07.831" level="INFO">Clicking element 'xpath=//*[@id="ed-logout"]'.</msg>
<status status="PASS" starttime="20230714 16:20:07.825" endtime="20230714 16:20:07.921"/>
</kw>
<status status="PASS" starttime="20230714 16:20:07.651" endtime="20230714 16:20:07.924"/>
</kw>
<kw name="Relogin new lab account" library="Globalkeywords">
<kw name="Click Element" library="Selenium2Library">
<arg>xpath=//*[@id="login-in-page"]/div/div[2]/div/form/div[2]/button</arg>
<doc>Click the element identified by ``locator``.</doc>
<msg timestamp="20230714 16:20:07.935" level="INFO">Clicking element 'xpath=//*[@id="login-in-page"]/div/div[2]/div/form/div[2]/button'.</msg>
<status status="PASS" starttime="20230714 16:20:07.928" endtime="20230714 16:20:12.217"/>
</kw>
<kw name="Input Text" library="Selenium2Library">
<arg>xpath=//*[@id="UserName"]</arg>
<arg>${newemail}</arg>
<doc>Types the given ``text`` into the text field identified by ``locator``.</doc>
<msg timestamp="20230714 16:20:12.226" level="INFO">Typing text 'labtestautomation1689322485@getnada.com' into text field 'xpath=//*[@id="UserName"]'.</msg>
<status status="PASS" starttime="20230714 16:20:12.220" endtime="20230714 16:20:12.423"/>
</kw>
<kw name="Input Text" library="Selenium2Library">
<arg>xpath=//*[@id="Password"]</arg>
<arg>${password}</arg>
<doc>Types the given ``text`` into the text field identified by ``locator``.</doc>
<msg timestamp="20230714 16:20:12.430" level="INFO">Typing text 'P@ssword1' into text field 'xpath=//*[@id="Password"]'.</msg>
<status status="PASS" starttime="20230714 16:20:12.424" endtime="20230714 16:20:12.651"/>
</kw>
<kw name="Click Element" library="Selenium2Library">
<arg>xpath=//*[@id="sso-login"]/form/input[5]</arg>
<doc>Click the element identified by ``locator``.</doc>
<msg timestamp="20230714 16:20:12.658" level="INFO">Clicking element 'xpath=//*[@id="sso-login"]/form/input[5]'.</msg>
<status status="PASS" starttime="20230714 16:20:12.653" endtime="20230714 16:20:14.735"/>
</kw>
<status status="PASS" starttime="20230714 16:20:07.926" endtime="20230714 16:20:14.737"/>
</kw>
<kw name="Search and check if the cases are completed" library="Globalkeywords">
<arg>${casenumber1}</arg>
<arg>${casenumber2}</arg>
<arg>${casenumber3}</arg>
<kw name="Click Element" library="Selenium2Library">
<arg>xpath=//*[@id="ed-completed-filter"]</arg>
<doc>Click the element identified by ``locator``.</doc>
<msg timestamp="20230714 16:20:14.751" level="INFO">Clicking element 'xpath=//*[@id="ed-completed-filter"]'.</msg>
<status status="PASS" starttime="20230714 16:20:14.747" endtime="20230714 16:20:17.286"/>
</kw>
<kw name="Run Keyword And Return Status" library="BuiltIn">
<var>${case1completed}</var>
<arg>Page Should Contain Element</arg>
<arg>xpath=//*[@id="checkCases_No_${completedcase1}"]/td[2]/div[1]/p[1]</arg>
<doc>Runs the given keyword with given arguments and returns the status as a Boolean value.</doc>
<kw name="Page Should Contain Element" library="Selenium2Library">
<arg>xpath=//*[@id="checkCases_No_${completedcase1}"]/td[2]/div[1]/p[1]</arg>
<doc>Verifies that element ``locator`` is found on the current page.</doc>
<msg timestamp="20230714 16:20:17.872" level="INFO">Current page contains element 'xpath=//*[@id="checkCases_No_321299141"]/td[2]/div[1]/p[1]'.</msg>
<status status="PASS" starttime="20230714 16:20:17.293" endtime="20230714 16:20:17.874"/>
</kw>
<msg timestamp="20230714 16:20:17.876" level="INFO">${case1completed} = True</msg>
<status status="PASS" starttime="20230714 16:20:17.290" endtime="20230714 16:20:17.877"/>
</kw>
<kw name="Run Keyword And Return Status" library="BuiltIn">
<var>${case2completed}</var>
<arg>Page Should Contain Element</arg>
<arg>xpath=//*[@id="checkCases_No_${completedcase2}"]/td[2]/div[1]/p[1]</arg>
<doc>Runs the given keyword with given arguments and returns the status as a Boolean value.</doc>
<kw name="Page Should Contain Element" library="Selenium2Library">
<arg>xpath=//*[@id="checkCases_No_${completedcase2}"]/td[2]/div[1]/p[1]</arg>
<doc>Verifies that element ``locator`` is found on the current page.</doc>
<msg timestamp="20230714 16:20:17.908" level="INFO">Current page contains element 'xpath=//*[@id="checkCases_No_801299140"]/td[2]/div[1]/p[1]'.</msg>
<status status="PASS" starttime="20230714 16:20:17.882" endtime="20230714 16:20:17.910"/>
</kw>
<msg timestamp="20230714 16:20:17.912" level="INFO">${case2completed} = True</msg>
<status status="PASS" starttime="20230714 16:20:17.879" endtime="20230714 16:20:17.912"/>
</kw>
<kw name="Run Keyword And Return Status" library="BuiltIn">
<var>${case3completed}</var>
<arg>Page Should Contain Element</arg>
<arg>xpath=//*[@id="checkCases_No_${completedcase3}"]/td[2]/div[1]/p[1]</arg>
<doc>Runs the given keyword with given arguments and returns the status as a Boolean value.</doc>
<kw name="Page Should Contain Element" library="Selenium2Library">
<arg>xpath=//*[@id="checkCases_No_${completedcase3}"]/td[2]/div[1]/p[1]</arg>
<doc>Verifies that element ``locator`` is found on the current page.</doc>
<msg timestamp="20230714 16:20:17.946" level="INFO">Current page contains element 'xpath=//*[@id="checkCases_No_371299139"]/td[2]/div[1]/p[1]'.</msg>
<status status="PASS" starttime="20230714 16:20:17.917" endtime="20230714 16:20:17.947"/>
</kw>
<msg timestamp="20230714 16:20:17.949" level="INFO">${case3completed} = True</msg>
<status status="PASS" starttime="20230714 16:20:17.914" endtime="20230714 16:20:17.949"/>
</kw>
<kw name="Should Be True" library="BuiltIn">
<arg>${case1completed}</arg>
<doc>Fails if the given condition is not true.</doc>
<status status="PASS" starttime="20230714 16:20:17.951" endtime="20230714 16:20:17.955"/>
</kw>
<kw name="Should Be True" library="BuiltIn">
<arg>${case2completed}</arg>
<doc>Fails if the given condition is not true.</doc>
<status status="PASS" starttime="20230714 16:20:17.958" endtime="20230714 16:20:17.961"/>
</kw>
<kw name="Should Be True" library="BuiltIn">
<arg>${case3completed}</arg>
<doc>Fails if the given condition is not true.</doc>
<status status="PASS" starttime="20230714 16:20:17.963" endtime="20230714 16:20:17.965"/>
</kw>
<kw name="Log To Console" library="BuiltIn">
<arg>${completedcase1},${completedcase2} and ${completedcase3} are completed</arg>
<doc>Logs the given message to the console.</doc>
<status status="PASS" starttime="20230714 16:20:17.967" endtime="20230714 16:20:17.972"/>
</kw>
<status status="PASS" starttime="20230714 16:20:14.739" endtime="20230714 16:20:17.974"/>
</kw>
<kw name="download the design file of multiple files completed" library="Globalkeywords">
<arg>${casenumber1}</arg>
<arg>${casenumber2}</arg>
<arg>${casenumber3}</arg>
<kw name="Click Element" library="Selenium2Library">
<arg>xpath=//*[@id="checkCases_No_${completedcase1}"]/td[7]/div[3]/div[2]/div[1]/button[contains(text(), 'Download file(s)')]</arg>
<doc>Click the element identified by ``locator``.</doc>
<msg timestamp="20230714 16:20:17.989" level="INFO">Clicking element 'xpath=//*[@id="checkCases_No_321299141"]/td[7]/div[3]/div[2]/div[1]/button[contains(text(), 'Download file(s)')]'.</msg>
<status status="PASS" starttime="20230714 16:20:17.984" endtime="20230714 16:20:18.183"/>
</kw>
<kw name="Click Element" library="Selenium2Library">
<arg>xpath=//*[@id="checkCases_No_${completedcase2}"]/td[7]/div[3]/div[2]/div[1]/button[contains(text(), 'Download file(s)')]</arg>
<doc>Click the element identified by ``locator``.</doc>
<msg timestamp="20230714 16:20:18.192" level="INFO">Clicking element 'xpath=//*[@id="checkCases_No_801299140"]/td[7]/div[3]/div[2]/div[1]/button[contains(text(), 'Download file(s)')]'.</msg>
<status status="PASS" starttime="20230714 16:20:18.186" endtime="20230714 16:20:18.318"/>
</kw>
<kw name="Click Element" library="Selenium2Library">
<arg>xpath=//*[@id="checkCases_No_${completedcase3}"]/td[7]/div[3]/div[2]/div[1]/button[contains(text(), 'Download file(s)')]</arg>
<doc>Click the element identified by ``locator``.</doc>
<msg timestamp="20230714 16:20:18.326" level="INFO">Clicking element 'xpath=//*[@id="checkCases_No_371299139"]/td[7]/div[3]/div[2]/div[1]/button[contains(text(), 'Download file(s)')]'.</msg>
<status status="PASS" starttime="20230714 16:20:18.319" endtime="20230714 16:20:18.448"/>
</kw>
<kw name="Wait Until Element Is Visible" library="Selenium2Library">
<arg>xpath=//*[@id="checkCases_No_${completedcase1}"]/td[7]/div[3]/div[2]/div[1]/button[contains(text(), 'Download again')]</arg>
<arg>timeout=20s</arg>
<doc>Waits until the element ``locator`` is visible.</doc>
<status status="PASS" starttime="20230714 16:20:18.451" endtime="20230714 16:20:24.223"/>
</kw>
<kw name="Wait Until Element Is Visible" library="Selenium2Library">
<arg>xpath=//*[@id="checkCases_No_${completedcase2}"]/td[7]/div[3]/div[2]/div[1]/button[contains(text(), 'Download again')]</arg>
<arg>timeout=20s</arg>
<doc>Waits until the element ``locator`` is visible.</doc>
<status status="PASS" starttime="20230714 16:20:24.226" endtime="20230714 16:20:24.283"/>
</kw>
<kw name="Wait Until Element Is Visible" library="Selenium2Library">
<arg>xpath=//*[@id="checkCases_No_${completedcase3}"]/td[7]/div[3]/div[2]/div[1]/button[contains(text(), 'Download again')]</arg>
<arg>timeout=20s</arg>
<doc>Waits until the element ``locator`` is visible.</doc>
<status status="PASS" starttime="20230714 16:20:24.286" endtime="20230714 16:20:24.347"/>
</kw>
<status status="PASS" starttime="20230714 16:20:17.977" endtime="20230714 16:20:24.348"/>
</kw>
<kw name="Check if the cases are removed from not yet downloaded" library="Globalkeywords">
<arg>${casenumber1}</arg>
<arg>${casenumber2}</arg>
<arg>${casenumber3}</arg>
<kw name="Reload Page" library="Selenium2Library">
<doc>Simulates user reloading page.</doc>
<status status="PASS" starttime="20230714 16:20:24.359" endtime="20230714 16:20:25.188"/>
</kw>
<kw name="Scroll to top" library="Globalkeywords">
<kw name="Execute Javascript" library="Selenium2Library">
<arg>window.scrollTo(0, 0)</arg>
<doc>Executes the given JavaScript code with possible arguments.</doc>
<msg timestamp="20230714 16:20:25.199" level="INFO">Executing JavaScript:
window.scrollTo(0, 0)
Without any arguments.</msg>
<status status="PASS" starttime="20230714 16:20:25.194" endtime="20230714 16:20:25.233"/>
</kw>
<status status="PASS" starttime="20230714 16:20:25.190" endtime="20230714 16:20:25.235"/>
</kw>
<kw name="Wait Until Element Is Visible" library="Selenium2Library">
<arg>xpath=//*[@id="ed-completed-not-downloaded-filter"]/div/div[2]</arg>
<arg>timeout=20s</arg>
<doc>Waits until the element ``locator`` is visible.</doc>
<status status="PASS" starttime="20230714 16:20:25.237" endtime="20230714 16:20:25.295"/>
</kw>
<kw name="Click Element" library="Selenium2Library">
<arg>xpath=//*[@id="ed-completed-not-downloaded-filter"]/div/div[2]</arg>
<doc>Click the element identified by ``locator``.</doc>
<msg timestamp="20230714 16:20:25.303" level="INFO">Clicking element 'xpath=//*[@id="ed-completed-not-downloaded-filter"]/div/div[2]'.</msg>
<status status="PASS" starttime="20230714 16:20:25.298" endtime="20230714 16:20:25.426"/>
</kw>
<kw name="Get WebElements" library="Selenium2Library">
<var>${elements}</var>
<arg>css=.ed-case-no.row-word-break</arg>
<doc>Returns a list of WebElement objects matching the ``locator``.</doc>
<msg timestamp="20230714 16:20:45.480" level="INFO">${elements} = []</msg>
<status status="PASS" starttime="20230714 16:20:25.428" endtime="20230714 16:20:45.481"/>
</kw>
<for flavor="IN">
<var>${element}</var>
<value>@{elements}</value>
<iter>
<var name="${element}"/>
<kw name="Get Text" library="Selenium2Library">
<var>${text}</var>
<arg>${element}</arg>
<doc>Returns the text value of the element identified by ``locator``.</doc>
<status status="NOT RUN" starttime="20230714 16:20:45.488" endtime="20230714 16:20:45.490"/>
</kw>
<kw name="Set Variable" library="BuiltIn">
<var>${textcaseno}</var>
<arg>${text[:9]}</arg>
<doc>Returns the given values which can then be assigned to a variables.</doc>
<status status="NOT RUN" starttime="20230714 16:20:45.492" endtime="20230714 16:20:45.493"/>
</kw>
<kw name="Run Keyword If" library="BuiltIn">
<arg>'${completedcase1}' in '${textcaseno}'</arg>
<arg>Fail</arg>
<arg>expected result: ${completedcase1} should be removed</arg>
<doc>Runs the given keyword with the given arguments, if ``condition`` is true.</doc>
<status status="NOT RUN" starttime="20230714 16:20:45.496" endtime="20230714 16:20:45.499"/>
</kw>
<status status="NOT RUN" starttime="20230714 16:20:45.486" endtime="20230714 16:20:45.501"/>
</iter>
<status status="NOT RUN" starttime="20230714 16:20:45.483" endtime="20230714 16:20:45.503"/>
</for>
<kw name="Get WebElements" library="Selenium2Library">
<var>${elements}</var>
<arg>css=.ed-case-no.row-word-break</arg>
<doc>Returns a list of WebElement objects matching the ``locator``.</doc>
<msg timestamp="20230714 16:21:05.563" level="INFO">${elements} = []</msg>
<status status="PASS" starttime="20230714 16:20:45.505" endtime="20230714 16:21:05.565"/>
</kw>
<for flavor="IN">
<var>${element}</var>
<value>@{elements}</value>
<iter>
<var name="${element}"/>
<kw name="Get Text" library="Selenium2Library">
<var>${text}</var>
<arg>${element}</arg>
<doc>Returns the text value of the element identified by ``locator``.</doc>
<status status="NOT RUN" starttime="20230714 16:21:05.571" endtime="20230714 16:21:05.572"/>
</kw>
<kw name="Set Variable" library="BuiltIn">
<var>${textcaseno}</var>
<arg>${text[:9]}</arg>
<doc>Returns the given values which can then be assigned to a variables.</doc>
<status status="NOT RUN" starttime="20230714 16:21:05.574" endtime="20230714 16:21:05.576"/>
</kw>
<kw name="Run Keyword If" library="BuiltIn">
<arg>'${completedcase2}' in '${textcaseno}'</arg>
<arg>Fail</arg>
<arg>expected result: ${completedcase2} should be removed</arg>
<doc>Runs the given keyword with the given arguments, if ``condition`` is true.</doc>
<status status="NOT RUN" starttime="20230714 16:21:05.578" endtime="20230714 16:21:05.580"/>
</kw>
<status status="NOT RUN" starttime="20230714 16:21:05.568" endtime="20230714 16:21:05.582"/>
</iter>
<status status="NOT RUN" starttime="20230714 16:21:05.566" endtime="20230714 16:21:05.583"/>
</for>
<kw name="Get WebElements" library="Selenium2Library">
<var>${elements}</var>
<arg>css=.ed-case-no.row-word-break</arg>
<doc>Returns a list of WebElement objects matching the ``locator``.</doc>
<msg timestamp="20230714 16:21:25.656" level="INFO">${elements} = []</msg>
<status status="PASS" starttime="20230714 16:21:05.586" endtime="20230714 16:21:25.658"/>
</kw>
<for flavor="IN">
<var>${element}</var>
<value>@{elements}</value>
<iter>
<var name="${element}"/>
<kw name="Get Text" library="Selenium2Library">
<var>${text}</var>
<arg>${element}</arg>
<doc>Returns the text value of the element identified by ``locator``.</doc>
<status status="NOT RUN" starttime="20230714 16:21:25.665" endtime="20230714 16:21:25.667"/>
</kw>
<kw name="Set Variable" library="BuiltIn">
<var>${textcaseno}</var>
<arg>${text[:9]}</arg>
<doc>Returns the given values which can then be assigned to a variables.</doc>
<status status="NOT RUN" starttime="20230714 16:21:25.669" endtime="20230714 16:21:25.670"/>
</kw>
<kw name="Run Keyword If" library="BuiltIn">
<arg>'${completedcase3}' in '${textcaseno}'</arg>
<arg>Fail</arg>
<arg>expected result: ${completedcase3} should be removed</arg>
<doc>Runs the given keyword with the given arguments, if ``condition`` is true.</doc>
<status status="NOT RUN" starttime="20230714 16:21:25.671" endtime="20230714 16:21:25.675"/>
</kw>
<status status="NOT RUN" starttime="20230714 16:21:25.663" endtime="20230714 16:21:25.677"/>
</iter>
<status status="NOT RUN" starttime="20230714 16:21:25.660" endtime="20230714 16:21:25.678"/>
</for>
<status status="PASS" starttime="20230714 16:20:24.352" endtime="20230714 16:21:25.680"/>
</kw>
<kw name="Log To Console" library="BuiltIn">
<arg>${casenumber}- Done End to End Automation of Test Scenario 6</arg>
<doc>Logs the given message to the console.</doc>
<status status="PASS" starttime="20230714 16:21:25.684" endtime="20230714 16:21:25.689"/>
</kw>
<status status="PASS" starttime="20230714 16:14:34.160" endtime="20230714 16:21:25.693"/>
</test>
<doc>Evident design end to end automation</doc>
<status status="PASS" starttime="20230714 15:59:53.490" endtime="20230714 16:21:25.705"/>
</suite>
<statistics>
<total>
<stat pass="5" fail="0" skip="0">All Tests</stat>
</total>
<tag>
</tag>
<suite>
<stat pass="5" fail="0" skip="0" id="s1" name="Use Case#1 Existing Evident Design Customer - Copy">Use Case#1 Existing Evident Design Customer - Copy</stat>
</suite>
</statistics>
<errors>
</errors>
</robot>
